2023-03-02T11:29:59.106+05:30 ERROR 13216 --- [http-nio-8080-exec-1] o.a.c.c.C.[.[.[.[dispatcherServlet]      : Servlet.service() for servlet [dispatcherServlet] in context with path [/productTest] threw exception [Request processing failed: java.util.NoSuchElementException: No value present] with root cause

java.util.NoSuchElementException: No value present
	at java.base/java.util.Optional.get(Unknown Source) ~[na:na]
	at com.example.demo.controllers.ProductRestController.getProduct(ProductRestController.java:36) ~[classes/:na]
	at java.base/jdk.internal.reflect.NativeMethodAccessorImpl.invoke0(Native Method) ~[na:na]
	at java.base/jdk.internal.reflect.NativeMethodAccessorImpl.invoke(Unknown Source) ~[na:na]
	at java.base/jdk.internal.reflect.DelegatingMethodAccessorImpl.invoke(Unknown Source) ~[na:na]
	at java.base/java.lang.reflect.Method.invoke(Unknown Source) ~[na:na]
	at org.springframework.web.method.support.InvocableHandlerMethod.doInvoke(InvocableHandlerMethod.java:207) ~[spring-web-6.0.5.jar:6.0.5]
	at org.springframework.web.method.support.InvocableHandlerMethod.invokeForRequest(InvocableHandlerMethod.java:152) ~[spring-web-6.0.5.jar:6.0.5]
	at org.springframework.web.servlet.mvc.method.annotation.ServletInvocableHandlerMethod.invokeAndHandle(ServletInvocableHandlerMethod.java:117) ~[spring-webmvc-6.0.5.jar:6.0.5]
	at org.springframework.web.servlet.mvc.method.annotation.RequestMappingHandlerAdapter.invokeHandlerMethod(RequestMappingHandlerAdapter.java:884) ~[spring-webmvc-6.0.5.jar:6.0.5]
	at org.springframework.web.servlet.mvc.method.annotation.RequestMappingHandlerAdapter.handleInternal(RequestMappingHandlerAdapter.java:797) ~[spring-webmvc-6.0.5.jar:6.0.5]
	at org.springframework.web.servlet.mvc.method.AbstractHandlerMethodAdapter.handle(AbstractHandlerMethodAdapter.java:87) ~[spring-webmvc-6.0.5.jar:6.0.5]
	at org.springframework.web.servlet.DispatcherServlet.doDispatch(DispatcherServlet.java:1081) ~[spring-webmvc-6.0.5.jar:6.0.5]
	at org.springframework.web.servlet.DispatcherServlet.doService(DispatcherServlet.java:974) ~[spring-webmvc-6.0.5.jar:6.0.5]
	at org.springframework.web.servlet.FrameworkServlet.processRequest(FrameworkServlet.java:1011) ~[spring-webmvc-6.0.5.jar:6.0.5]
	at org.springframework.web.servlet.FrameworkServlet.doGet(FrameworkServlet.java:903) ~[spring-webmvc-6.0.5.jar:6.0.5]
	at jakarta.servlet.http.HttpServlet.service(HttpServlet.java:705) ~[tomcat-embed-core-10.1.5.jar:6.0]
	at org.springframework.web.servlet.FrameworkServlet.service(FrameworkServlet.java:885) ~[spring-webmvc-6.0.5.jar:6.0.5]
	at jakarta.servlet.http.HttpServlet.service(HttpServlet.java:814) ~[tomcat-embed-core-10.1.5.jar:6.0]
	at org.apache.catalina.core.ApplicationFilterChain.internalDoFilter(ApplicationFilterChain.java:223) ~[tomcat-embed-core-10.1.5.jar:10.1.5]
	at org.apache.catalina.core.ApplicationFilterChain.doFilter(ApplicationFilterChain.java:158) ~[tomcat-embed-core-10.1.5.jar:10.1.5]
	at org.apache.tomcat.websocket.server.WsFilter.doFilter(WsFilter.java:53) ~[tomcat-embed-websocket-10.1.5.jar:10.1.5]
	at org.apache.catalina.core.ApplicationFilterChain.internalDoFilter(ApplicationFilterChain.java:185) ~[tomcat-embed-core-10.1.5.jar:10.1.5]
	at org.apache.catalina.core.ApplicationFilterChain.doFilter(ApplicationFilterChain.java:158) ~[tomcat-embed-core-10.1.5.jar:10.1.5]
	at org.springframework.web.filter.RequestContextFilter.doFilterInternal(RequestContextFilter.java:100) ~[spring-web-6.0.5.jar:6.0.5]
	at org.springframework.web.filter.OncePerRequestFilter.doFilter(OncePerRequestFilter.java:116) ~[spring-web-6.0.5.jar:6.0.5]
	at org.apache.catalina.core.ApplicationFilterChain.internalDoFilter(ApplicationFilterChain.java:185) ~[tomcat-embed-core-10.1.5.jar:10.1.5]
	at org.apache.catalina.core.ApplicationFilterChain.doFilter(ApplicationFilterChain.java:158) ~[tomcat-embed-core-10.1.5.jar:10.1.5]
	at org.springframework.web.filter.FormContentFilter.doFilterInternal(FormContentFilter.java:93) ~[spring-web-6.0.5.jar:6.0.5]
	at org.springframework.web.filter.OncePerRequestFilter.doFilter(OncePerRequestFilter.java:116) ~[spring-web-6.0.5.jar:6.0.5]
	at org.apache.catalina.core.ApplicationFilterChain.internalDoFilter(ApplicationFilterChain.java:185) ~[tomcat-embed-core-10.1.5.jar:10.1.5]
	at org.apache.catalina.core.ApplicationFilterChain.doFilter(ApplicationFilterChain.java:158) ~[tomcat-embed-core-10.1.5.jar:10.1.5]
	at org.springframework.web.filter.ServerHttpObservationFilter.doFilterInternal(ServerHttpObservationFilter.java:109) ~[spring-web-6.0.5.jar:6.0.5]
	at org.springframework.web.filter.OncePerRequestFilter.doFilter(OncePerRequestFilter.java:116) ~[spring-web-6.0.5.jar:6.0.5]
	at org.apache.catalina.core.ApplicationFilterChain.internalDoFilter(ApplicationFilterChain.java:185) ~[tomcat-embed-core-10.1.5.jar:10.1.5]
	at org.apache.catalina.core.ApplicationFilterChain.doFilter(ApplicationFilterChain.java:158) ~[tomcat-embed-core-10.1.5.jar:10.1.5]
	at org.springframework.web.filter.CharacterEncodingFilter.doFilterInternal(CharacterEncodingFilter.java:201) ~[spring-web-6.0.5.jar:6.0.5]
	at org.springframework.web.filter.OncePerRequestFilter.doFilter(OncePerRequestFilter.java:116) ~[spring-web-6.0.5.jar:6.0.5]
	at org.apache.catalina.core.ApplicationFilterChain.internalDoFilter(ApplicationFilterChain.java:185) ~[tomcat-embed-core-10.1.5.jar:10.1.5]
	at org.apache.catalina.core.ApplicationFilterChain.doFilter(ApplicationFilterChain.java:158) ~[tomcat-embed-core-10.1.5.jar:10.1.5]
	at org.apache.catalina.core.StandardWrapperValve.invoke(StandardWrapperValve.java:177) ~[tomcat-embed-core-10.1.5.jar:10.1.5]
	at org.apache.catalina.core.StandardContextValve.invoke(StandardContextValve.java:97) ~[tomcat-embed-core-10.1.5.jar:10.1.5]
	at org.apache.catalina.authenticator.AuthenticatorBase.invoke(AuthenticatorBase.java:542) ~[tomcat-embed-core-10.1.5.jar:10.1.5]
	at org.apache.catalina.core.StandardHostValve.invoke(StandardHostValve.java:119) ~[tomcat-embed-core-10.1.5.jar:10.1.5]
	at org.apache.catalina.valves.ErrorReportValve.invoke(ErrorReportValve.java:92) ~[tomcat-embed-core-10.1.5.jar:10.1.5]
	at org.apache.catalina.core.StandardEngineValve.invoke(StandardEngineValve.java:78) ~[tomcat-embed-core-10.1.5.jar:10.1.5]
	at org.apache.catalina.connector.CoyoteAdapter.service(CoyoteAdapter.java:357) ~[tomcat-embed-core-10.1.5.jar:10.1.5]
	at org.apache.coyote.http11.Http11Processor.service(Http11Processor.java:400) ~[tomcat-embed-core-10.1.5.jar:10.1.5]
	at org.apache.coyote.AbstractProcessorLight.process(AbstractProcessorLight.java:65) ~[tomcat-embed-core-10.1.5.jar:10.1.5]
	at org.apache.coyote.AbstractProtocol$ConnectionHandler.process(AbstractProtocol.java:859) ~[tomcat-embed-core-10.1.5.jar:10.1.5]
	at org.apache.tomcat.util.net.NioEndpoint$SocketProcessor.doRun(NioEndpoint.java:1734) ~[tomcat-embed-core-10.1.5.jar:10.1.5]
	at org.apache.tomcat.util.net.SocketProcessorBase.run(SocketProcessorBase.java:52) ~[tomcat-embed-core-10.1.5.jar:10.1.5]
	at org.apache.tomcat.util.threads.ThreadPoolExecutor.runWorker(ThreadPoolExecutor.java:1191) ~[tomcat-embed-core-10.1.5.jar:10.1.5]
	at org.apache.tomcat.util.threads.ThreadPoolExecutor$Worker.run(ThreadPoolExecutor.java:659) ~[tomcat-embed-core-10.1.5.jar:10.1.5]
	at org.apache.tomcat.util.threads.TaskThread$WrappingRunnable.run(TaskThread.java:61) ~[tomcat-embed-core-10.1.5.jar:10.1.5]
	at java.base/java.lang.Thread.run(Unknown Source) ~[na:na]

2023-03-02T12:12:07.882+05:30  INFO 14740 --- [main] com.example.demo.DemoApplication         : Starting DemoApplication using Java 17.0.6 with PID 14740 (C:\Users\admin\Documents\springboot\demo\target\classes started by admin in C:\Users\admin\Documents\springboot\demo)
2023-03-02T12:12:07.884+05:30  INFO 14740 --- [main] com.example.demo.DemoApplication         : No active profile set, falling back to 1 default profile: "default"
2023-03-02T12:12:08.476+05:30  INFO 14740 --- [main] .s.d.r.c.RepositoryConfigurationDelegate : Bootstrapping Spring Data JPA repositories in DEFAULT mode.
2023-03-02T12:12:08.536+05:30  INFO 14740 --- [main] .s.d.r.c.RepositoryConfigurationDelegate : Finished Spring Data repository scanning in 48 ms. Found 1 JPA repository interfaces.
2023-03-02T12:12:08.993+05:30  INFO 14740 --- [main] o.s.b.w.embedded.tomcat.TomcatWebServer  : Tomcat initialized with port(s): 8080 (http)
2023-03-02T12:12:09.009+05:30  INFO 14740 --- [main] o.apache.catalina.core.StandardService   : Starting service [Tomcat]
2023-03-02T12:12:09.011+05:30  INFO 14740 --- [main] o.apache.catalina.core.StandardEngine    : Starting Servlet engine: [Apache Tomcat/10.1.5]
2023-03-02T12:12:09.121+05:30  INFO 14740 --- [main] o.a.c.c.C.[.[localhost].[/productTest]   : Initializing Spring embedded WebApplicationContext
2023-03-02T12:12:09.122+05:30  INFO 14740 --- [main] w.s.c.ServletWebServerApplicationContext : Root WebApplicationContext: initialization completed in 1206 ms
2023-03-02T12:12:09.366+05:30  INFO 14740 --- [main] com.zaxxer.hikari.HikariDataSource       : HikariPool-1 - Starting...
2023-03-02T12:12:09.648+05:30  INFO 14740 --- [main] com.zaxxer.hikari.pool.HikariPool        : HikariPool-1 - Added connection com.mysql.cj.jdbc.ConnectionImpl@53cb0bcb
2023-03-02T12:12:09.649+05:30  INFO 14740 --- [main] com.zaxxer.hikari.HikariDataSource       : HikariPool-1 - Start completed.
2023-03-02T12:12:09.675+05:30  INFO 14740 --- [main] o.hibernate.jpa.internal.util.LogHelper  : HHH000204: Processing PersistenceUnitInfo [name: default]
2023-03-02T12:12:09.703+05:30  INFO 14740 --- [main] org.hibernate.Version                    : HHH000412: Hibernate ORM core version 6.1.7.Final
2023-03-02T12:12:09.949+05:30  INFO 14740 --- [main] SQL dialect                              : HHH000400: Using dialect: org.hibernate.dialect.MySQLDialect
2023-03-02T12:12:10.290+05:30  INFO 14740 --- [main] o.h.e.t.j.p.i.JtaPlatformInitiator       : HHH000490: Using JtaPlatform implementation: [org.hibernate.engine.transaction.jta.platform.internal.NoJtaPlatform]
2023-03-02T12:12:10.296+05:30  INFO 14740 --- [main] j.LocalContainerEntityManagerFactoryBean : Initialized JPA EntityManagerFactory for persistence unit 'default'
2023-03-02T12:12:10.482+05:30  WARN 14740 --- [main] JpaBaseConfiguration$JpaWebConfiguration : spring.jpa.open-in-view is enabled by default. Therefore, database queries may be performed during view rendering. Explicitly configure spring.jpa.open-in-view to disable this warning
2023-03-02T12:12:10.634+05:30  WARN 14740 --- [main] ion$DefaultTemplateResolverConfiguration : Cannot find template location: classpath:/templates/ (please add some templates, check your Thymeleaf configuration, or set spring.thymeleaf.check-template-location=false)
2023-03-02T12:12:10.823+05:30  WARN 14740 --- [main] .s.s.UserDetailsServiceAutoConfiguration : 

Using generated security password: 309bd70c-9724-46be-896d-f78d0c0000ad

This generated password is for development use only. Your security configuration must be updated before running your application in production.

2023-03-02T12:12:10.879+05:30  INFO 14740 --- [main] o.s.b.a.e.web.EndpointLinksResolver      : Exposing 1 endpoint(s) beneath base path '/actuator'
2023-03-02T12:12:10.888+05:30  INFO 14740 --- [main] o.s.s.web.DefaultSecurityFilterChain     : Will secure any request with [org.springframework.security.web.session.DisableEncodeUrlFilter@785477e5, org.springframework.security.web.context.request.async.WebAsyncManagerIntegrationFilter@c950fd, org.springframework.security.web.context.SecurityContextHolderFilter@3fae357f, org.springframework.security.web.header.HeaderWriterFilter@399acce3, org.springframework.web.filter.CorsFilter@41962299, org.springframework.security.web.csrf.CsrfFilter@47b71556, org.springframework.security.web.authentication.logout.LogoutFilter@492a220e, org.springframework.security.web.authentication.UsernamePasswordAuthenticationFilter@5afaae7e, org.springframework.security.web.authentication.ui.DefaultLoginPageGeneratingFilter@7adde776, org.springframework.security.web.authentication.ui.DefaultLogoutPageGeneratingFilter@3f910f36, org.springframework.security.web.authentication.www.BasicAuthenticationFilter@14f254f, org.springframework.security.web.savedrequest.RequestCacheAwareFilter@6956081d, org.springframework.security.web.servletapi.SecurityContextHolderAwareRequestFilter@7a41f4a7, org.springframework.security.web.authentication.AnonymousAuthenticationFilter@6421bc7e, org.springframework.security.web.access.ExceptionTranslationFilter@c22cf4d, org.springframework.security.web.access.intercept.AuthorizationFilter@1e084a26]
2023-03-02T12:12:10.965+05:30  INFO 14740 --- [main] o.s.b.w.embedded.tomcat.TomcatWebServer  : Tomcat started on port(s): 8080 (http) with context path '/productTest'
2023-03-02T12:12:10.971+05:30  INFO 14740 --- [main] com.example.demo.DemoApplication         : Started DemoApplication in 3.357 seconds (process running for 3.573)
2023-03-02T12:12:11.135+05:30  INFO 14740 --- [RMI TCP Connection(2)-127.0.0.1] o.a.c.c.C.[.[localhost].[/productTest]   : Initializing Spring DispatcherServlet 'dispatcherServlet'
2023-03-02T12:12:11.136+05:30  INFO 14740 --- [RMI TCP Connection(2)-127.0.0.1] o.s.web.servlet.DispatcherServlet        : Initializing Servlet 'dispatcherServlet'
2023-03-02T12:12:11.137+05:30  INFO 14740 --- [RMI TCP Connection(2)-127.0.0.1] o.s.web.servlet.DispatcherServlet        : Completed initialization in 1 ms
2023-03-02T12:13:50.946+05:30  INFO 16912 --- [main] com.example.demo.DemoApplication         : Starting DemoApplication using Java 17.0.6 with PID 16912 (C:\Users\admin\Documents\springboot\demo\target\classes started by admin in C:\Users\admin\Documents\springboot\demo)
2023-03-02T12:13:50.948+05:30  INFO 16912 --- [main] com.example.demo.DemoApplication         : No active profile set, falling back to 1 default profile: "default"
2023-03-02T12:13:51.585+05:30  INFO 16912 --- [main] .s.d.r.c.RepositoryConfigurationDelegate : Bootstrapping Spring Data JPA repositories in DEFAULT mode.
2023-03-02T12:13:51.641+05:30  INFO 16912 --- [main] .s.d.r.c.RepositoryConfigurationDelegate : Finished Spring Data repository scanning in 45 ms. Found 1 JPA repository interfaces.
2023-03-02T12:13:52.043+05:30  INFO 16912 --- [main] o.s.b.w.embedded.tomcat.TomcatWebServer  : Tomcat initialized with port(s): 8080 (http)
2023-03-02T12:13:52.055+05:30  INFO 16912 --- [main] o.apache.catalina.core.StandardService   : Starting service [Tomcat]
2023-03-02T12:13:52.056+05:30  INFO 16912 --- [main] o.apache.catalina.core.StandardEngine    : Starting Servlet engine: [Apache Tomcat/10.1.5]
2023-03-02T12:13:52.134+05:30  INFO 16912 --- [main] o.a.c.c.C.[.[localhost].[/productTest]   : Initializing Spring embedded WebApplicationContext
2023-03-02T12:13:52.135+05:30  INFO 16912 --- [main] w.s.c.ServletWebServerApplicationContext : Root WebApplicationContext: initialization completed in 1151 ms
2023-03-02T12:13:52.379+05:30  INFO 16912 --- [main] com.zaxxer.hikari.HikariDataSource       : HikariPool-1 - Starting...
2023-03-02T12:13:52.688+05:30  INFO 16912 --- [main] com.zaxxer.hikari.pool.HikariPool        : HikariPool-1 - Added connection com.mysql.cj.jdbc.ConnectionImpl@41f964f9
2023-03-02T12:13:52.689+05:30  INFO 16912 --- [main] com.zaxxer.hikari.HikariDataSource       : HikariPool-1 - Start completed.
2023-03-02T12:13:52.719+05:30  INFO 16912 --- [main] o.hibernate.jpa.internal.util.LogHelper  : HHH000204: Processing PersistenceUnitInfo [name: default]
2023-03-02T12:13:52.748+05:30  INFO 16912 --- [main] org.hibernate.Version                    : HHH000412: Hibernate ORM core version 6.1.7.Final
2023-03-02T12:13:52.997+05:30  INFO 16912 --- [main] SQL dialect                              : HHH000400: Using dialect: org.hibernate.dialect.MySQLDialect
2023-03-02T12:13:53.380+05:30  INFO 16912 --- [main] o.h.e.t.j.p.i.JtaPlatformInitiator       : HHH000490: Using JtaPlatform implementation: [org.hibernate.engine.transaction.jta.platform.internal.NoJtaPlatform]
2023-03-02T12:13:53.386+05:30  INFO 16912 --- [main] j.LocalContainerEntityManagerFactoryBean : Initialized JPA EntityManagerFactory for persistence unit 'default'
2023-03-02T12:13:53.594+05:30  WARN 16912 --- [main] JpaBaseConfiguration$JpaWebConfiguration : spring.jpa.open-in-view is enabled by default. Therefore, database queries may be performed during view rendering. Explicitly configure spring.jpa.open-in-view to disable this warning
2023-03-02T12:13:53.824+05:30  WARN 16912 --- [main] ion$DefaultTemplateResolverConfiguration : Cannot find template location: classpath:/templates/ (please add some templates, check your Thymeleaf configuration, or set spring.thymeleaf.check-template-location=false)
2023-03-02T12:13:54.069+05:30  WARN 16912 --- [main] .s.s.UserDetailsServiceAutoConfiguration : 

Using generated security password: ee5b44c7-9cc9-4885-b976-8060d8282365

This generated password is for development use only. Your security configuration must be updated before running your application in production.

2023-03-02T12:13:54.180+05:30  INFO 16912 --- [main] o.s.b.a.e.web.EndpointLinksResolver      : Exposing 14 endpoint(s) beneath base path '/actuator'
2023-03-02T12:13:54.195+05:30  INFO 16912 --- [main] o.s.s.web.DefaultSecurityFilterChain     : Will secure any request with [org.springframework.security.web.session.DisableEncodeUrlFilter@49b6373f, org.springframework.security.web.context.request.async.WebAsyncManagerIntegrationFilter@20f3291d, org.springframework.security.web.context.SecurityContextHolderFilter@36e9794c, org.springframework.security.web.header.HeaderWriterFilter@4131f6db, org.springframework.web.filter.CorsFilter@2f51b100, org.springframework.security.web.csrf.CsrfFilter@77f95e19, org.springframework.security.web.authentication.logout.LogoutFilter@3d8512e9, org.springframework.security.web.authentication.UsernamePasswordAuthenticationFilter@58e0d1ac, org.springframework.security.web.authentication.ui.DefaultLoginPageGeneratingFilter@65dafe50, org.springframework.security.web.authentication.ui.DefaultLogoutPageGeneratingFilter@654dbb78, org.springframework.security.web.authentication.www.BasicAuthenticationFilter@67b1c3af, org.springframework.security.web.savedrequest.RequestCacheAwareFilter@1237aa73, org.springframework.security.web.servletapi.SecurityContextHolderAwareRequestFilter@31c31fa6, org.springframework.security.web.authentication.AnonymousAuthenticationFilter@1dba7721, org.springframework.security.web.access.ExceptionTranslationFilter@13da6bc9, org.springframework.security.web.access.intercept.AuthorizationFilter@6915351c]
2023-03-02T12:13:54.216+05:30  INFO 16912 --- [RMI TCP Connection(3)-127.0.0.1] o.a.c.c.C.[.[localhost].[/productTest]   : Initializing Spring DispatcherServlet 'dispatcherServlet'
2023-03-02T12:13:54.216+05:30  INFO 16912 --- [RMI TCP Connection(3)-127.0.0.1] o.s.web.servlet.DispatcherServlet        : Initializing Servlet 'dispatcherServlet'
2023-03-02T12:13:54.222+05:30  INFO 16912 --- [RMI TCP Connection(3)-127.0.0.1] o.s.web.servlet.DispatcherServlet        : Completed initialization in 6 ms
2023-03-02T12:13:54.295+05:30  INFO 16912 --- [main] o.s.b.w.embedded.tomcat.TomcatWebServer  : Tomcat started on port(s): 8080 (http) with context path '/productTest'
2023-03-02T12:13:54.302+05:30  INFO 16912 --- [main] com.example.demo.DemoApplication         : Started DemoApplication in 3.617 seconds (process running for 3.839)
2023-03-02T15:05:36.240+05:30  INFO 12216 --- [main] com.example.demo.DemoApplication         : Starting DemoApplication using Java 17.0.6 with PID 12216 (C:\Users\admin\Documents\springboot\demo\target\classes started by admin in C:\Users\admin\Documents\springboot\demo)
2023-03-02T15:05:36.243+05:30  INFO 12216 --- [main] com.example.demo.DemoApplication         : No active profile set, falling back to 1 default profile: "default"
2023-03-02T15:05:36.862+05:30  INFO 12216 --- [main] .s.d.r.c.RepositoryConfigurationDelegate : Bootstrapping Spring Data JPA repositories in DEFAULT mode.
2023-03-02T15:05:36.913+05:30  INFO 12216 --- [main] .s.d.r.c.RepositoryConfigurationDelegate : Finished Spring Data repository scanning in 41 ms. Found 1 JPA repository interfaces.
2023-03-02T15:05:37.396+05:30  WARN 12216 --- [main] ConfigServletWebServerApplicationContext : Exception encountered during context initialization - cancelling refresh attempt: org.springframework.context.ApplicationContextException: Unable to start web server
2023-03-02T15:05:37.408+05:30  INFO 12216 --- [main] .s.b.a.l.ConditionEvaluationReportLogger : 

Error starting ApplicationContext. To display the condition evaluation report re-run your application with 'debug' enabled.
2023-03-02T15:05:37.443+05:30 ERROR 12216 --- [main] o.s.boot.SpringApplication               : Application run failed

org.springframework.context.ApplicationContextException: Unable to start web server
	at org.springframework.boot.web.servlet.context.ServletWebServerApplicationContext.onRefresh(ServletWebServerApplicationContext.java:164) ~[spring-boot-3.1.0-SNAPSHOT.jar:3.1.0-SNAPSHOT]
	at org.springframework.context.support.AbstractApplicationContext.refresh(AbstractApplicationContext.java:578) ~[spring-context-6.0.5.jar:6.0.5]
	at org.springframework.boot.web.servlet.context.ServletWebServerApplicationContext.refresh(ServletWebServerApplicationContext.java:146) ~[spring-boot-3.1.0-SNAPSHOT.jar:3.1.0-SNAPSHOT]
	at org.springframework.boot.SpringApplication.refresh(SpringApplication.java:732) ~[spring-boot-3.1.0-SNAPSHOT.jar:3.1.0-SNAPSHOT]
	at org.springframework.boot.SpringApplication.refreshContext(SpringApplication.java:434) ~[spring-boot-3.1.0-SNAPSHOT.jar:3.1.0-SNAPSHOT]
	at org.springframework.boot.SpringApplication.run(SpringApplication.java:310) ~[spring-boot-3.1.0-SNAPSHOT.jar:3.1.0-SNAPSHOT]
	at org.springframework.boot.SpringApplication.run(SpringApplication.java:1304) ~[spring-boot-3.1.0-SNAPSHOT.jar:3.1.0-SNAPSHOT]
	at org.springframework.boot.SpringApplication.run(SpringApplication.java:1293) ~[spring-boot-3.1.0-SNAPSHOT.jar:3.1.0-SNAPSHOT]
	at com.example.demo.DemoApplication.main(DemoApplication.java:10) ~[classes/:na]
Caused by: java.lang.NoClassDefFoundError: jakarta/servlet/http/HttpSessionContext
	at org.eclipse.jetty.servlet.ServletContextHandler.newSessionHandler(ServletContextHandler.java:339) ~[jetty-servlet-11.0.13.jar:11.0.13]
	at org.eclipse.jetty.servlet.ServletContextHandler.getSessionHandler(ServletContextHandler.java:432) ~[jetty-servlet-11.0.13.jar:11.0.13]
	at org.eclipse.jetty.servlet.ServletContextHandler.relinkHandlers(ServletContextHandler.java:257) ~[jetty-servlet-11.0.13.jar:11.0.13]
	at org.eclipse.jetty.servlet.ServletContextHandler.<init>(ServletContextHandler.java:180) ~[jetty-servlet-11.0.13.jar:11.0.13]
	at org.eclipse.jetty.webapp.WebAppContext.<init>(WebAppContext.java:301) ~[jetty-webapp-11.0.13.jar:11.0.13]
	at org.eclipse.jetty.webapp.WebAppContext.<init>(WebAppContext.java:228) ~[jetty-webapp-11.0.13.jar:11.0.13]
	at org.springframework.boot.web.embedded.jetty.JettyEmbeddedWebAppContext.<init>(JettyEmbeddedWebAppContext.java:28) ~[spring-boot-3.1.0-SNAPSHOT.jar:3.1.0-SNAPSHOT]
	at org.springframework.boot.web.embedded.jetty.JettyServletWebServerFactory.getWebServer(JettyServletWebServerFactory.java:158) ~[spring-boot-3.1.0-SNAPSHOT.jar:3.1.0-SNAPSHOT]
	at org.springframework.boot.web.servlet.context.ServletWebServerApplicationContext.createWebServer(ServletWebServerApplicationContext.java:183) ~[spring-boot-3.1.0-SNAPSHOT.jar:3.1.0-SNAPSHOT]
	at org.springframework.boot.web.servlet.context.ServletWebServerApplicationContext.onRefresh(ServletWebServerApplicationContext.java:161) ~[spring-boot-3.1.0-SNAPSHOT.jar:3.1.0-SNAPSHOT]
	... 8 common frames omitted
Caused by: java.lang.ClassNotFoundException: jakarta.servlet.http.HttpSessionContext
	at java.base/jdk.internal.loader.BuiltinClassLoader.loadClass(Unknown Source) ~[na:na]
	at java.base/jdk.internal.loader.ClassLoaders$AppClassLoader.loadClass(Unknown Source) ~[na:na]
	at java.base/java.lang.ClassLoader.loadClass(Unknown Source) ~[na:na]
	... 18 common frames omitted

2023-03-02T15:09:37.717+05:30  INFO 8828 --- [main] com.example.demo.DemoApplication         : Starting DemoApplication using Java 17.0.6 with PID 8828 (C:\Users\admin\Documents\springboot\demo\target\classes started by admin in C:\Users\admin\Documents\springboot\demo)
2023-03-02T15:09:37.720+05:30  INFO 8828 --- [main] com.example.demo.DemoApplication         : No active profile set, falling back to 1 default profile: "default"
2023-03-02T15:09:38.298+05:30  INFO 8828 --- [main] .s.d.r.c.RepositoryConfigurationDelegate : Bootstrapping Spring Data JPA repositories in DEFAULT mode.
2023-03-02T15:09:38.356+05:30  INFO 8828 --- [main] .s.d.r.c.RepositoryConfigurationDelegate : Finished Spring Data repository scanning in 47 ms. Found 1 JPA repository interfaces.
2023-03-02T15:09:38.746+05:30  INFO 8828 --- [main] o.s.b.w.embedded.tomcat.TomcatWebServer  : Tomcat initialized with port(s): 8080 (http)
2023-03-02T15:09:38.759+05:30  INFO 8828 --- [main] o.apache.catalina.core.StandardService   : Starting service [Tomcat]
2023-03-02T15:09:38.760+05:30  INFO 8828 --- [main] o.apache.catalina.core.StandardEngine    : Starting Servlet engine: [Apache Tomcat/10.1.5]
2023-03-02T15:09:38.871+05:30  INFO 8828 --- [main] o.a.c.c.C.[.[localhost].[/productTest]   : Initializing Spring embedded WebApplicationContext
2023-03-02T15:09:38.872+05:30  INFO 8828 --- [main] w.s.c.ServletWebServerApplicationContext : Root WebApplicationContext: initialization completed in 1114 ms
2023-03-02T15:09:39.174+05:30  INFO 8828 --- [main] com.zaxxer.hikari.HikariDataSource       : HikariPool-1 - Starting...
2023-03-02T15:09:39.445+05:30  INFO 8828 --- [main] com.zaxxer.hikari.pool.HikariPool        : HikariPool-1 - Added connection com.mysql.cj.jdbc.ConnectionImpl@7574d4ad
2023-03-02T15:09:39.447+05:30  INFO 8828 --- [main] com.zaxxer.hikari.HikariDataSource       : HikariPool-1 - Start completed.
2023-03-02T15:09:39.481+05:30  INFO 8828 --- [main] o.hibernate.jpa.internal.util.LogHelper  : HHH000204: Processing PersistenceUnitInfo [name: default]
2023-03-02T15:09:39.519+05:30  INFO 8828 --- [main] org.hibernate.Version                    : HHH000412: Hibernate ORM core version 6.1.7.Final
2023-03-02T15:09:39.791+05:30  INFO 8828 --- [main] SQL dialect                              : HHH000400: Using dialect: org.hibernate.dialect.MySQLDialect
2023-03-02T15:09:40.168+05:30  INFO 8828 --- [main] o.h.e.t.j.p.i.JtaPlatformInitiator       : HHH000490: Using JtaPlatform implementation: [org.hibernate.engine.transaction.jta.platform.internal.NoJtaPlatform]
2023-03-02T15:09:40.177+05:30  INFO 8828 --- [main] j.LocalContainerEntityManagerFactoryBean : Initialized JPA EntityManagerFactory for persistence unit 'default'
2023-03-02T15:09:40.368+05:30  WARN 8828 --- [main] JpaBaseConfiguration$JpaWebConfiguration : spring.jpa.open-in-view is enabled by default. Therefore, database queries may be performed during view rendering. Explicitly configure spring.jpa.open-in-view to disable this warning
2023-03-02T15:09:40.724+05:30  WARN 8828 --- [main] .s.s.UserDetailsServiceAutoConfiguration : 

Using generated security password: 2de59a64-f8cf-4236-993d-4d8b431bf861

This generated password is for development use only. Your security configuration must be updated before running your application in production.

2023-03-02T15:09:40.793+05:30  INFO 8828 --- [main] o.s.b.a.e.web.EndpointLinksResolver      : Exposing 14 endpoint(s) beneath base path '/actuator'
2023-03-02T15:09:40.806+05:30  INFO 8828 --- [main] o.s.s.web.DefaultSecurityFilterChain     : Will secure any request with [org.springframework.security.web.session.DisableEncodeUrlFilter@654dbb78, org.springframework.security.web.context.request.async.WebAsyncManagerIntegrationFilter@1dba7721, org.springframework.security.web.context.SecurityContextHolderFilter@1dbb9a4a, org.springframework.security.web.header.HeaderWriterFilter@36e9794c, org.springframework.web.filter.CorsFilter@24381e4a, org.springframework.security.web.csrf.CsrfFilter@3a22d69f, org.springframework.security.web.authentication.logout.LogoutFilter@48861d1, org.springframework.security.web.authentication.UsernamePasswordAuthenticationFilter@66ce4b4, org.springframework.security.web.authentication.ui.DefaultLoginPageGeneratingFilter@38d9c9c4, org.springframework.security.web.authentication.ui.DefaultLogoutPageGeneratingFilter@6c3627c, org.springframework.security.web.authentication.www.BasicAuthenticationFilter@49b6373f, org.springframework.security.web.savedrequest.RequestCacheAwareFilter@1e084a26, org.springframework.security.web.servletapi.SecurityContextHolderAwareRequestFilter@615b1baf, org.springframework.security.web.authentication.AnonymousAuthenticationFilter@e5d9fa7, org.springframework.security.web.access.ExceptionTranslationFilter@5cdf61d, org.springframework.security.web.access.intercept.AuthorizationFilter@247d44b4]
2023-03-02T15:09:40.877+05:30  INFO 8828 --- [main] o.s.b.w.embedded.tomcat.TomcatWebServer  : Tomcat started on port(s): 8080 (http) with context path '/productTest'
2023-03-02T15:09:40.883+05:30  INFO 8828 --- [main] com.example.demo.DemoApplication         : Started DemoApplication in 3.412 seconds (process running for 3.645)
2023-03-02T15:09:40.990+05:30  INFO 8828 --- [RMI TCP Connection(1)-127.0.0.1] o.a.c.c.C.[.[localhost].[/productTest]   : Initializing Spring DispatcherServlet 'dispatcherServlet'
2023-03-02T15:09:40.991+05:30  INFO 8828 --- [RMI TCP Connection(1)-127.0.0.1] o.s.web.servlet.DispatcherServlet        : Initializing Servlet 'dispatcherServlet'
2023-03-02T15:09:40.992+05:30  INFO 8828 --- [RMI TCP Connection(1)-127.0.0.1] o.s.web.servlet.DispatcherServlet        : Completed initialization in 1 ms
2023-03-02T15:10:45.383+05:30  INFO 4376 --- [main] com.example.demo.DemoApplication         : Starting DemoApplication using Java 17.0.6 with PID 4376 (C:\Users\admin\Documents\springboot\demo\target\classes started by admin in C:\Users\admin\Documents\springboot\demo)
2023-03-02T15:10:45.386+05:30  INFO 4376 --- [main] com.example.demo.DemoApplication         : No active profile set, falling back to 1 default profile: "default"
2023-03-02T15:10:46.058+05:30  INFO 4376 --- [main] .s.d.r.c.RepositoryConfigurationDelegate : Bootstrapping Spring Data JPA repositories in DEFAULT mode.
2023-03-02T15:10:46.130+05:30  INFO 4376 --- [main] .s.d.r.c.RepositoryConfigurationDelegate : Finished Spring Data repository scanning in 57 ms. Found 1 JPA repository interfaces.
2023-03-02T15:10:46.592+05:30  INFO 4376 --- [main] o.s.b.w.embedded.tomcat.TomcatWebServer  : Tomcat initialized with port(s): 8080 (http)
2023-03-02T15:10:46.604+05:30  INFO 4376 --- [main] o.apache.catalina.core.StandardService   : Starting service [Tomcat]
2023-03-02T15:10:46.605+05:30  INFO 4376 --- [main] o.apache.catalina.core.StandardEngine    : Starting Servlet engine: [Apache Tomcat/10.1.5]
2023-03-02T15:10:46.706+05:30  INFO 4376 --- [main] o.a.c.c.C.[.[localhost].[/productTest]   : Initializing Spring embedded WebApplicationContext
2023-03-02T15:10:46.707+05:30  INFO 4376 --- [main] w.s.c.ServletWebServerApplicationContext : Root WebApplicationContext: initialization completed in 1286 ms
2023-03-02T15:10:46.928+05:30  INFO 4376 --- [main] com.zaxxer.hikari.HikariDataSource       : HikariPool-1 - Starting...
2023-03-02T15:10:47.188+05:30  INFO 4376 --- [main] com.zaxxer.hikari.pool.HikariPool        : HikariPool-1 - Added connection com.mysql.cj.jdbc.ConnectionImpl@29170a47
2023-03-02T15:10:47.189+05:30  INFO 4376 --- [main] com.zaxxer.hikari.HikariDataSource       : HikariPool-1 - Start completed.
2023-03-02T15:10:47.229+05:30  INFO 4376 --- [main] o.hibernate.jpa.internal.util.LogHelper  : HHH000204: Processing PersistenceUnitInfo [name: default]
2023-03-02T15:10:47.256+05:30  INFO 4376 --- [main] org.hibernate.Version                    : HHH000412: Hibernate ORM core version 6.1.7.Final
2023-03-02T15:10:47.497+05:30  INFO 4376 --- [main] SQL dialect                              : HHH000400: Using dialect: org.hibernate.dialect.MySQLDialect
2023-03-02T15:10:47.851+05:30  INFO 4376 --- [main] o.h.e.t.j.p.i.JtaPlatformInitiator       : HHH000490: Using JtaPlatform implementation: [org.hibernate.engine.transaction.jta.platform.internal.NoJtaPlatform]
2023-03-02T15:10:47.857+05:30  INFO 4376 --- [main] j.LocalContainerEntityManagerFactoryBean : Initialized JPA EntityManagerFactory for persistence unit 'default'
2023-03-02T15:10:48.051+05:30  WARN 4376 --- [main] JpaBaseConfiguration$JpaWebConfiguration : spring.jpa.open-in-view is enabled by default. Therefore, database queries may be performed during view rendering. Explicitly configure spring.jpa.open-in-view to disable this warning
2023-03-02T15:10:48.464+05:30  INFO 4376 --- [main] o.s.b.a.e.web.EndpointLinksResolver      : Exposing 14 endpoint(s) beneath base path '/actuator'
2023-03-02T15:10:48.531+05:30  INFO 4376 --- [main] o.s.b.w.embedded.tomcat.TomcatWebServer  : Tomcat started on port(s): 8080 (http) with context path '/productTest'
2023-03-02T15:10:48.538+05:30  INFO 4376 --- [main] com.example.demo.DemoApplication         : Started DemoApplication in 3.413 seconds (process running for 3.628)
2023-03-02T15:10:48.639+05:30  INFO 4376 --- [RMI TCP Connection(1)-127.0.0.1] o.a.c.c.C.[.[localhost].[/productTest]   : Initializing Spring DispatcherServlet 'dispatcherServlet'
2023-03-02T15:10:48.639+05:30  INFO 4376 --- [RMI TCP Connection(1)-127.0.0.1] o.s.web.servlet.DispatcherServlet        : Initializing Servlet 'dispatcherServlet'
2023-03-02T15:10:48.641+05:30  INFO 4376 --- [RMI TCP Connection(1)-127.0.0.1] o.s.web.servlet.DispatcherServlet        : Completed initialization in 1 ms
2023-03-02T15:13:22.098+05:30  INFO 6848 --- [main] com.example.demo.DemoApplication         : Starting DemoApplication using Java 17.0.6 with PID 6848 (C:\Users\admin\Documents\springboot\demo\target\classes started by admin in C:\Users\admin\Documents\springboot\demo)
2023-03-02T15:13:22.101+05:30  INFO 6848 --- [main] com.example.demo.DemoApplication         : No active profile set, falling back to 1 default profile: "default"
2023-03-02T15:13:22.721+05:30  INFO 6848 --- [main] .s.d.r.c.RepositoryConfigurationDelegate : Bootstrapping Spring Data JPA repositories in DEFAULT mode.
2023-03-02T15:13:22.772+05:30  INFO 6848 --- [main] .s.d.r.c.RepositoryConfigurationDelegate : Finished Spring Data repository scanning in 44 ms. Found 1 JPA repository interfaces.
2023-03-02T15:13:23.258+05:30  INFO 6848 --- [main] o.s.b.w.embedded.tomcat.TomcatWebServer  : Tomcat initialized with port(s): 8080 (http)
2023-03-02T15:13:23.274+05:30  INFO 6848 --- [main] o.apache.catalina.core.StandardService   : Starting service [Tomcat]
2023-03-02T15:13:23.275+05:30  INFO 6848 --- [main] o.apache.catalina.core.StandardEngine    : Starting Servlet engine: [Apache Tomcat/10.1.5]
2023-03-02T15:13:23.405+05:30  INFO 6848 --- [main] o.a.c.c.C.[.[localhost].[/productTest]   : Initializing Spring embedded WebApplicationContext
2023-03-02T15:13:23.406+05:30  INFO 6848 --- [main] w.s.c.ServletWebServerApplicationContext : Root WebApplicationContext: initialization completed in 1259 ms
2023-03-02T15:13:23.675+05:30  INFO 6848 --- [main] com.zaxxer.hikari.HikariDataSource       : HikariPool-1 - Starting...
2023-03-02T15:13:24.024+05:30  INFO 6848 --- [main] com.zaxxer.hikari.pool.HikariPool        : HikariPool-1 - Added connection com.mysql.cj.jdbc.ConnectionImpl@54326e9
2023-03-02T15:13:24.025+05:30  INFO 6848 --- [main] com.zaxxer.hikari.HikariDataSource       : HikariPool-1 - Start completed.
2023-03-02T15:13:24.061+05:30  INFO 6848 --- [main] o.hibernate.jpa.internal.util.LogHelper  : HHH000204: Processing PersistenceUnitInfo [name: default]
2023-03-02T15:13:24.090+05:30  INFO 6848 --- [main] org.hibernate.Version                    : HHH000412: Hibernate ORM core version 6.1.7.Final
2023-03-02T15:13:24.348+05:30  INFO 6848 --- [main] SQL dialect                              : HHH000400: Using dialect: org.hibernate.dialect.MySQLDialect
2023-03-02T15:13:24.738+05:30  INFO 6848 --- [main] o.h.e.t.j.p.i.JtaPlatformInitiator       : HHH000490: Using JtaPlatform implementation: [org.hibernate.engine.transaction.jta.platform.internal.NoJtaPlatform]
2023-03-02T15:13:24.744+05:30  INFO 6848 --- [main] j.LocalContainerEntityManagerFactoryBean : Initialized JPA EntityManagerFactory for persistence unit 'default'
2023-03-02T15:13:24.895+05:30  WARN 6848 --- [main] JpaBaseConfiguration$JpaWebConfiguration : spring.jpa.open-in-view is enabled by default. Therefore, database queries may be performed during view rendering. Explicitly configure spring.jpa.open-in-view to disable this warning
2023-03-02T15:13:25.243+05:30  INFO 6848 --- [main] o.s.b.a.e.web.EndpointLinksResolver      : Exposing 14 endpoint(s) beneath base path '/actuator'
2023-03-02T15:13:25.288+05:30  INFO 6848 --- [main] o.s.b.w.embedded.tomcat.TomcatWebServer  : Tomcat started on port(s): 8080 (http) with context path '/productTest'
2023-03-02T15:13:25.294+05:30  INFO 6848 --- [main] com.example.demo.DemoApplication         : Started DemoApplication in 3.468 seconds (process running for 3.843)
2023-03-02T15:13:25.989+05:30  INFO 6848 --- [http-nio-8080-exec-1] o.a.c.c.C.[.[localhost].[/productTest]   : Initializing Spring DispatcherServlet 'dispatcherServlet'
2023-03-02T15:13:25.989+05:30  INFO 6848 --- [http-nio-8080-exec-1] o.s.web.servlet.DispatcherServlet        : Initializing Servlet 'dispatcherServlet'
2023-03-02T15:13:25.991+05:30  INFO 6848 --- [http-nio-8080-exec-1] o.s.web.servlet.DispatcherServlet        : Completed initialization in 1 ms
2023-03-02T15:13:40.713+05:30  INFO 7784 --- [main] com.example.demo.DemoApplication         : Starting DemoApplication using Java 17.0.6 with PID 7784 (C:\Users\admin\Documents\springboot\demo\target\classes started by admin in C:\Users\admin\Documents\springboot\demo)
2023-03-02T15:13:40.716+05:30  INFO 7784 --- [main] com.example.demo.DemoApplication         : No active profile set, falling back to 1 default profile: "default"
2023-03-02T15:13:41.278+05:30  INFO 7784 --- [main] .s.d.r.c.RepositoryConfigurationDelegate : Bootstrapping Spring Data JPA repositories in DEFAULT mode.
2023-03-02T15:13:41.330+05:30  INFO 7784 --- [main] .s.d.r.c.RepositoryConfigurationDelegate : Finished Spring Data repository scanning in 43 ms. Found 1 JPA repository interfaces.
2023-03-02T15:13:41.712+05:30  INFO 7784 --- [main] o.s.b.w.embedded.tomcat.TomcatWebServer  : Tomcat initialized with port(s): 8080 (http)
2023-03-02T15:13:41.724+05:30  INFO 7784 --- [main] o.apache.catalina.core.StandardService   : Starting service [Tomcat]
2023-03-02T15:13:41.725+05:30  INFO 7784 --- [main] o.apache.catalina.core.StandardEngine    : Starting Servlet engine: [Apache Tomcat/10.1.5]
2023-03-02T15:13:41.819+05:30  INFO 7784 --- [main] o.a.c.c.C.[.[localhost].[/productTest]   : Initializing Spring embedded WebApplicationContext
2023-03-02T15:13:41.821+05:30  INFO 7784 --- [main] w.s.c.ServletWebServerApplicationContext : Root WebApplicationContext: initialization completed in 1070 ms
2023-03-02T15:13:42.046+05:30  INFO 7784 --- [main] com.zaxxer.hikari.HikariDataSource       : HikariPool-1 - Starting...
2023-03-02T15:13:42.346+05:30  INFO 7784 --- [main] com.zaxxer.hikari.pool.HikariPool        : HikariPool-1 - Added connection com.mysql.cj.jdbc.ConnectionImpl@1796b2d4
2023-03-02T15:13:42.348+05:30  INFO 7784 --- [main] com.zaxxer.hikari.HikariDataSource       : HikariPool-1 - Start completed.
2023-03-02T15:13:42.379+05:30  INFO 7784 --- [main] o.hibernate.jpa.internal.util.LogHelper  : HHH000204: Processing PersistenceUnitInfo [name: default]
2023-03-02T15:13:42.405+05:30  INFO 7784 --- [main] org.hibernate.Version                    : HHH000412: Hibernate ORM core version 6.1.7.Final
2023-03-02T15:13:42.637+05:30  INFO 7784 --- [main] SQL dialect                              : HHH000400: Using dialect: org.hibernate.dialect.MySQLDialect
2023-03-02T15:13:42.991+05:30  INFO 7784 --- [main] o.h.e.t.j.p.i.JtaPlatformInitiator       : HHH000490: Using JtaPlatform implementation: [org.hibernate.engine.transaction.jta.platform.internal.NoJtaPlatform]
2023-03-02T15:13:42.996+05:30  INFO 7784 --- [main] j.LocalContainerEntityManagerFactoryBean : Initialized JPA EntityManagerFactory for persistence unit 'default'
2023-03-02T15:13:43.145+05:30  WARN 7784 --- [main] JpaBaseConfiguration$JpaWebConfiguration : spring.jpa.open-in-view is enabled by default. Therefore, database queries may be performed during view rendering. Explicitly configure spring.jpa.open-in-view to disable this warning
2023-03-02T15:13:43.505+05:30  INFO 7784 --- [main] o.s.b.a.e.web.EndpointLinksResolver      : Exposing 14 endpoint(s) beneath base path '/actuator'
2023-03-02T15:13:43.551+05:30  INFO 7784 --- [main] o.s.b.w.embedded.tomcat.TomcatWebServer  : Tomcat started on port(s): 8080 (http) with context path '/productTest'
2023-03-02T15:13:43.559+05:30  INFO 7784 --- [main] com.example.demo.DemoApplication         : Started DemoApplication in 3.088 seconds (process running for 3.315)
2023-03-02T15:13:43.975+05:30  INFO 7784 --- [RMI TCP Connection(3)-127.0.0.1] o.a.c.c.C.[.[localhost].[/productTest]   : Initializing Spring DispatcherServlet 'dispatcherServlet'
2023-03-02T15:13:43.975+05:30  INFO 7784 --- [RMI TCP Connection(3)-127.0.0.1] o.s.web.servlet.DispatcherServlet        : Initializing Servlet 'dispatcherServlet'
2023-03-02T15:13:43.977+05:30  INFO 7784 --- [RMI TCP Connection(3)-127.0.0.1] o.s.web.servlet.DispatcherServlet        : Completed initialization in 1 ms
2023-03-02T15:14:09.741+05:30  INFO 9604 --- [main] com.example.demo.DemoApplication         : Starting DemoApplication using Java 17.0.6 with PID 9604 (C:\Users\admin\Documents\springboot\demo\target\classes started by admin in C:\Users\admin\Documents\springboot\demo)
2023-03-02T15:14:09.743+05:30  INFO 9604 --- [main] com.example.demo.DemoApplication         : No active profile set, falling back to 1 default profile: "default"
2023-03-02T15:14:10.399+05:30  INFO 9604 --- [main] .s.d.r.c.RepositoryConfigurationDelegate : Bootstrapping Spring Data JPA repositories in DEFAULT mode.
2023-03-02T15:14:10.457+05:30  INFO 9604 --- [main] .s.d.r.c.RepositoryConfigurationDelegate : Finished Spring Data repository scanning in 49 ms. Found 1 JPA repository interfaces.
2023-03-02T15:14:10.809+05:30  INFO 9604 --- [main] o.s.b.w.embedded.tomcat.TomcatWebServer  : Tomcat initialized with port(s): 8080 (http)
2023-03-02T15:14:10.822+05:30  INFO 9604 --- [main] o.apache.catalina.core.StandardService   : Starting service [Tomcat]
2023-03-02T15:14:10.823+05:30  INFO 9604 --- [main] o.apache.catalina.core.StandardEngine    : Starting Servlet engine: [Apache Tomcat/10.1.5]
2023-03-02T15:14:10.919+05:30  INFO 9604 --- [main] o.a.c.c.C.[.[localhost].[/productTest]   : Initializing Spring embedded WebApplicationContext
2023-03-02T15:14:10.921+05:30  INFO 9604 --- [main] w.s.c.ServletWebServerApplicationContext : Root WebApplicationContext: initialization completed in 1147 ms
2023-03-02T15:14:11.139+05:30  INFO 9604 --- [main] com.zaxxer.hikari.HikariDataSource       : HikariPool-1 - Starting...
2023-03-02T15:14:11.399+05:30  INFO 9604 --- [main] com.zaxxer.hikari.pool.HikariPool        : HikariPool-1 - Added connection com.mysql.cj.jdbc.ConnectionImpl@4e8598d9
2023-03-02T15:14:11.401+05:30  INFO 9604 --- [main] com.zaxxer.hikari.HikariDataSource       : HikariPool-1 - Start completed.
2023-03-02T15:14:11.429+05:30  INFO 9604 --- [main] o.hibernate.jpa.internal.util.LogHelper  : HHH000204: Processing PersistenceUnitInfo [name: default]
2023-03-02T15:14:11.454+05:30  INFO 9604 --- [main] org.hibernate.Version                    : HHH000412: Hibernate ORM core version 6.1.7.Final
2023-03-02T15:14:11.687+05:30  INFO 9604 --- [main] SQL dialect                              : HHH000400: Using dialect: org.hibernate.dialect.MySQLDialect
2023-03-02T15:14:12.087+05:30  INFO 9604 --- [main] o.h.e.t.j.p.i.JtaPlatformInitiator       : HHH000490: Using JtaPlatform implementation: [org.hibernate.engine.transaction.jta.platform.internal.NoJtaPlatform]
2023-03-02T15:14:12.092+05:30  INFO 9604 --- [main] j.LocalContainerEntityManagerFactoryBean : Initialized JPA EntityManagerFactory for persistence unit 'default'
2023-03-02T15:14:12.271+05:30  WARN 9604 --- [main] JpaBaseConfiguration$JpaWebConfiguration : spring.jpa.open-in-view is enabled by default. Therefore, database queries may be performed during view rendering. Explicitly configure spring.jpa.open-in-view to disable this warning
2023-03-02T15:14:12.596+05:30  INFO 9604 --- [main] o.s.b.a.e.web.EndpointLinksResolver      : Exposing 14 endpoint(s) beneath base path '/actuator'
2023-03-02T15:14:12.647+05:30  INFO 9604 --- [main] o.s.b.w.embedded.tomcat.TomcatWebServer  : Tomcat started on port(s): 8080 (http) with context path '/productTest'
2023-03-02T15:14:12.655+05:30  INFO 9604 --- [main] com.example.demo.DemoApplication         : Started DemoApplication in 3.166 seconds (process running for 3.39)
2023-03-02T15:14:13.089+05:30  INFO 9604 --- [RMI TCP Connection(2)-127.0.0.1] o.a.c.c.C.[.[localhost].[/productTest]   : Initializing Spring DispatcherServlet 'dispatcherServlet'
2023-03-02T15:14:13.089+05:30  INFO 9604 --- [RMI TCP Connection(2)-127.0.0.1] o.s.web.servlet.DispatcherServlet        : Initializing Servlet 'dispatcherServlet'
2023-03-02T15:14:13.090+05:30  INFO 9604 --- [RMI TCP Connection(2)-127.0.0.1] o.s.web.servlet.DispatcherServlet        : Completed initialization in 1 ms
2023-03-02T15:14:29.049+05:30  INFO 15260 --- [main] com.example.demo.DemoApplication         : Starting DemoApplication using Java 17.0.6 with PID 15260 (C:\Users\admin\Documents\springboot\demo\target\classes started by admin in C:\Users\admin\Documents\springboot\demo)
2023-03-02T15:14:29.053+05:30  INFO 15260 --- [main] com.example.demo.DemoApplication         : No active profile set, falling back to 1 default profile: "default"
2023-03-02T15:14:29.608+05:30  INFO 15260 --- [main] .s.d.r.c.RepositoryConfigurationDelegate : Bootstrapping Spring Data JPA repositories in DEFAULT mode.
2023-03-02T15:14:29.662+05:30  INFO 15260 --- [main] .s.d.r.c.RepositoryConfigurationDelegate : Finished Spring Data repository scanning in 46 ms. Found 1 JPA repository interfaces.
2023-03-02T15:14:30.059+05:30  INFO 15260 --- [main] o.s.b.w.embedded.tomcat.TomcatWebServer  : Tomcat initialized with port(s): 8080 (http)
2023-03-02T15:14:30.070+05:30  INFO 15260 --- [main] o.apache.catalina.core.StandardService   : Starting service [Tomcat]
2023-03-02T15:14:30.071+05:30  INFO 15260 --- [main] o.apache.catalina.core.StandardEngine    : Starting Servlet engine: [Apache Tomcat/10.1.5]
2023-03-02T15:14:30.169+05:30  INFO 15260 --- [main] o.a.c.c.C.[.[localhost].[/productTest]   : Initializing Spring embedded WebApplicationContext
2023-03-02T15:14:30.171+05:30  INFO 15260 --- [main] w.s.c.ServletWebServerApplicationContext : Root WebApplicationContext: initialization completed in 1082 ms
2023-03-02T15:14:30.403+05:30  INFO 15260 --- [main] com.zaxxer.hikari.HikariDataSource       : HikariPool-1 - Starting...
2023-03-02T15:14:30.664+05:30  INFO 15260 --- [main] com.zaxxer.hikari.pool.HikariPool        : HikariPool-1 - Added connection com.mysql.cj.jdbc.ConnectionImpl@29170a47
2023-03-02T15:14:30.666+05:30  INFO 15260 --- [main] com.zaxxer.hikari.HikariDataSource       : HikariPool-1 - Start completed.
2023-03-02T15:14:30.689+05:30  INFO 15260 --- [main] o.hibernate.jpa.internal.util.LogHelper  : HHH000204: Processing PersistenceUnitInfo [name: default]
2023-03-02T15:14:30.717+05:30  INFO 15260 --- [main] org.hibernate.Version                    : HHH000412: Hibernate ORM core version 6.1.7.Final
2023-03-02T15:14:30.959+05:30  INFO 15260 --- [main] SQL dialect                              : HHH000400: Using dialect: org.hibernate.dialect.MySQLDialect
2023-03-02T15:14:31.309+05:30  INFO 15260 --- [main] o.h.e.t.j.p.i.JtaPlatformInitiator       : HHH000490: Using JtaPlatform implementation: [org.hibernate.engine.transaction.jta.platform.internal.NoJtaPlatform]
2023-03-02T15:14:31.316+05:30  INFO 15260 --- [main] j.LocalContainerEntityManagerFactoryBean : Initialized JPA EntityManagerFactory for persistence unit 'default'
2023-03-02T15:14:31.475+05:30  WARN 15260 --- [main] JpaBaseConfiguration$JpaWebConfiguration : spring.jpa.open-in-view is enabled by default. Therefore, database queries may be performed during view rendering. Explicitly configure spring.jpa.open-in-view to disable this warning
2023-03-02T15:14:31.821+05:30  INFO 15260 --- [main] o.s.b.a.e.web.EndpointLinksResolver      : Exposing 14 endpoint(s) beneath base path '/actuator'
2023-03-02T15:14:31.878+05:30  INFO 15260 --- [main] o.s.b.w.embedded.tomcat.TomcatWebServer  : Tomcat started on port(s): 8080 (http) with context path '/productTest'
2023-03-02T15:14:31.885+05:30  INFO 15260 --- [main] com.example.demo.DemoApplication         : Started DemoApplication in 3.095 seconds (process running for 3.319)
2023-03-02T15:14:32.296+05:30  INFO 15260 --- [RMI TCP Connection(3)-127.0.0.1] o.a.c.c.C.[.[localhost].[/productTest]   : Initializing Spring DispatcherServlet 'dispatcherServlet'
2023-03-02T15:14:32.296+05:30  INFO 15260 --- [RMI TCP Connection(3)-127.0.0.1] o.s.web.servlet.DispatcherServlet        : Initializing Servlet 'dispatcherServlet'
2023-03-02T15:14:32.298+05:30  INFO 15260 --- [RMI TCP Connection(3)-127.0.0.1] o.s.web.servlet.DispatcherServlet        : Completed initialization in 1 ms
2023-03-02T15:24:06.303+05:30  INFO 10144 --- [main] com.example.demo.DemoApplication         : Starting DemoApplication using Java 17.0.6 with PID 10144 (C:\Users\admin\Documents\springboot\demo\target\classes started by admin in C:\Users\admin\Documents\springboot\demo)
2023-03-02T15:24:06.307+05:30  INFO 10144 --- [main] com.example.demo.DemoApplication         : No active profile set, falling back to 1 default profile: "default"
2023-03-02T15:24:06.908+05:30  INFO 10144 --- [main] .s.d.r.c.RepositoryConfigurationDelegate : Bootstrapping Spring Data JPA repositories in DEFAULT mode.
2023-03-02T15:24:06.963+05:30  INFO 10144 --- [main] .s.d.r.c.RepositoryConfigurationDelegate : Finished Spring Data repository scanning in 45 ms. Found 1 JPA repository interfaces.
2023-03-02T15:24:07.405+05:30  INFO 10144 --- [main] o.s.b.w.embedded.tomcat.TomcatWebServer  : Tomcat initialized with port(s): 8080 (http)
2023-03-02T15:24:07.420+05:30  INFO 10144 --- [main] o.apache.catalina.core.StandardService   : Starting service [Tomcat]
2023-03-02T15:24:07.421+05:30  INFO 10144 --- [main] o.apache.catalina.core.StandardEngine    : Starting Servlet engine: [Apache Tomcat/10.1.5]
2023-03-02T15:24:07.534+05:30  INFO 10144 --- [main] o.a.c.c.C.[.[localhost].[/productTest]   : Initializing Spring embedded WebApplicationContext
2023-03-02T15:24:07.537+05:30  INFO 10144 --- [main] w.s.c.ServletWebServerApplicationContext : Root WebApplicationContext: initialization completed in 1191 ms
2023-03-02T15:24:07.828+05:30  INFO 10144 --- [main] com.zaxxer.hikari.HikariDataSource       : HikariPool-1 - Starting...
2023-03-02T15:24:08.131+05:30  INFO 10144 --- [main] com.zaxxer.hikari.pool.HikariPool        : HikariPool-1 - Added connection com.mysql.cj.jdbc.ConnectionImpl@12567179
2023-03-02T15:24:08.133+05:30  INFO 10144 --- [main] com.zaxxer.hikari.HikariDataSource       : HikariPool-1 - Start completed.
2023-03-02T15:24:08.160+05:30  INFO 10144 --- [main] o.hibernate.jpa.internal.util.LogHelper  : HHH000204: Processing PersistenceUnitInfo [name: default]
2023-03-02T15:24:08.189+05:30  INFO 10144 --- [main] org.hibernate.Version                    : HHH000412: Hibernate ORM core version 6.1.7.Final
2023-03-02T15:24:08.450+05:30  INFO 10144 --- [main] SQL dialect                              : HHH000400: Using dialect: org.hibernate.dialect.MySQLDialect
2023-03-02T15:24:08.806+05:30  INFO 10144 --- [main] o.h.e.t.j.p.i.JtaPlatformInitiator       : HHH000490: Using JtaPlatform implementation: [org.hibernate.engine.transaction.jta.platform.internal.NoJtaPlatform]
2023-03-02T15:24:08.812+05:30  INFO 10144 --- [main] j.LocalContainerEntityManagerFactoryBean : Initialized JPA EntityManagerFactory for persistence unit 'default'
2023-03-02T15:24:08.996+05:30  WARN 10144 --- [main] JpaBaseConfiguration$JpaWebConfiguration : spring.jpa.open-in-view is enabled by default. Therefore, database queries may be performed during view rendering. Explicitly configure spring.jpa.open-in-view to disable this warning
2023-03-02T15:24:09.374+05:30  INFO 10144 --- [main] o.s.b.a.e.web.EndpointLinksResolver      : Exposing 14 endpoint(s) beneath base path '/actuator'
2023-03-02T15:24:09.424+05:30  INFO 10144 --- [main] o.s.b.w.embedded.tomcat.TomcatWebServer  : Tomcat started on port(s): 8080 (http) with context path '/productTest'
2023-03-02T15:24:09.431+05:30  INFO 10144 --- [main] com.example.demo.DemoApplication         : Started DemoApplication in 3.38 seconds (process running for 3.616)
2023-03-02T15:24:09.555+05:30  INFO 10144 --- [RMI TCP Connection(3)-127.0.0.1] o.a.c.c.C.[.[localhost].[/productTest]   : Initializing Spring DispatcherServlet 'dispatcherServlet'
2023-03-02T15:24:09.556+05:30  INFO 10144 --- [RMI TCP Connection(3)-127.0.0.1] o.s.web.servlet.DispatcherServlet        : Initializing Servlet 'dispatcherServlet'
2023-03-02T15:24:09.557+05:30  INFO 10144 --- [RMI TCP Connection(3)-127.0.0.1] o.s.web.servlet.DispatcherServlet        : Completed initialization in 1 ms
2023-03-02T15:24:21.278+05:30 ERROR 10144 --- [http-nio-8080-exec-1] org.thymeleaf.TemplateEngine             : [THYMELEAF][http-nio-8080-exec-1] Exception processing template "display": Could not parse as expression: "" (template: "display" - line 10, col 65)

org.thymeleaf.exceptions.TemplateProcessingException: Could not parse as expression: "" (template: "display" - line 10, col 65)
	at org.thymeleaf.standard.expression.StandardExpressionParser.parseExpression(StandardExpressionParser.java:131) ~[thymeleaf-3.1.1.RELEASE.jar:3.1.1.RELEASE]
	at org.thymeleaf.standard.expression.StandardExpressionParser.parseExpression(StandardExpressionParser.java:62) ~[thymeleaf-3.1.1.RELEASE.jar:3.1.1.RELEASE]
	at org.thymeleaf.standard.expression.StandardExpressionParser.parseExpression(StandardExpressionParser.java:44) ~[thymeleaf-3.1.1.RELEASE.jar:3.1.1.RELEASE]
	at org.thymeleaf.engine.EngineEventUtils.parseAttributeExpression(EngineEventUtils.java:220) ~[thymeleaf-3.1.1.RELEASE.jar:3.1.1.RELEASE]
	at org.thymeleaf.engine.EngineEventUtils.computeAttributeExpression(EngineEventUtils.java:207) ~[thymeleaf-3.1.1.RELEASE.jar:3.1.1.RELEASE]
	at org.thymeleaf.standard.processor.AbstractStandardExpressionAttributeTagProcessor.doProcess(AbstractStandardExpressionAttributeTagProcessor.java:125) ~[thymeleaf-3.1.1.RELEASE.jar:3.1.1.RELEASE]
	at org.thymeleaf.processor.element.AbstractAttributeTagProcessor.doProcess(AbstractAttributeTagProcessor.java:74) ~[thymeleaf-3.1.1.RELEASE.jar:3.1.1.RELEASE]
	at org.thymeleaf.processor.element.AbstractElementTagProcessor.process(AbstractElementTagProcessor.java:95) ~[thymeleaf-3.1.1.RELEASE.jar:3.1.1.RELEASE]
	at org.thymeleaf.util.ProcessorConfigurationUtils$ElementTagProcessorWrapper.process(ProcessorConfigurationUtils.java:633) ~[thymeleaf-3.1.1.RELEASE.jar:3.1.1.RELEASE]
	at org.thymeleaf.engine.ProcessorTemplateHandler.handleOpenElement(ProcessorTemplateHandler.java:1314) ~[thymeleaf-3.1.1.RELEASE.jar:3.1.1.RELEASE]
	at org.thymeleaf.engine.OpenElementTag.beHandled(OpenElementTag.java:205) ~[thymeleaf-3.1.1.RELEASE.jar:3.1.1.RELEASE]
	at org.thymeleaf.engine.TemplateModel.process(TemplateModel.java:136) ~[thymeleaf-3.1.1.RELEASE.jar:3.1.1.RELEASE]
	at org.thymeleaf.engine.TemplateManager.parseAndProcess(TemplateManager.java:661) ~[thymeleaf-3.1.1.RELEASE.jar:3.1.1.RELEASE]
	at org.thymeleaf.TemplateEngine.process(TemplateEngine.java:1103) ~[thymeleaf-3.1.1.RELEASE.jar:3.1.1.RELEASE]
	at org.thymeleaf.TemplateEngine.process(TemplateEngine.java:1077) ~[thymeleaf-3.1.1.RELEASE.jar:3.1.1.RELEASE]
	at org.thymeleaf.spring6.view.ThymeleafView.renderFragment(ThymeleafView.java:372) ~[thymeleaf-spring6-3.1.1.RELEASE.jar:3.1.1.RELEASE]
	at org.thymeleaf.spring6.view.ThymeleafView.render(ThymeleafView.java:192) ~[thymeleaf-spring6-3.1.1.RELEASE.jar:3.1.1.RELEASE]
	at org.springframework.web.servlet.DispatcherServlet.render(DispatcherServlet.java:1415) ~[spring-webmvc-6.0.5.jar:6.0.5]
	at org.springframework.web.servlet.DispatcherServlet.processDispatchResult(DispatcherServlet.java:1159) ~[spring-webmvc-6.0.5.jar:6.0.5]
	at org.springframework.web.servlet.DispatcherServlet.doDispatch(DispatcherServlet.java:1098) ~[spring-webmvc-6.0.5.jar:6.0.5]
	at org.springframework.web.servlet.DispatcherServlet.doService(DispatcherServlet.java:974) ~[spring-webmvc-6.0.5.jar:6.0.5]
	at org.springframework.web.servlet.FrameworkServlet.processRequest(FrameworkServlet.java:1011) ~[spring-webmvc-6.0.5.jar:6.0.5]
	at org.springframework.web.servlet.FrameworkServlet.doGet(FrameworkServlet.java:903) ~[spring-webmvc-6.0.5.jar:6.0.5]
	at jakarta.servlet.http.HttpServlet.service(HttpServlet.java:705) ~[tomcat-embed-core-10.1.5.jar:6.0]
	at org.springframework.web.servlet.FrameworkServlet.service(FrameworkServlet.java:885) ~[spring-webmvc-6.0.5.jar:6.0.5]
	at jakarta.servlet.http.HttpServlet.service(HttpServlet.java:814) ~[tomcat-embed-core-10.1.5.jar:6.0]
	at org.apache.catalina.core.ApplicationFilterChain.internalDoFilter(ApplicationFilterChain.java:223) ~[tomcat-embed-core-10.1.5.jar:10.1.5]
	at org.apache.catalina.core.ApplicationFilterChain.doFilter(ApplicationFilterChain.java:158) ~[tomcat-embed-core-10.1.5.jar:10.1.5]
	at org.apache.tomcat.websocket.server.WsFilter.doFilter(WsFilter.java:53) ~[tomcat-embed-websocket-10.1.5.jar:10.1.5]
	at org.apache.catalina.core.ApplicationFilterChain.internalDoFilter(ApplicationFilterChain.java:185) ~[tomcat-embed-core-10.1.5.jar:10.1.5]
	at org.apache.catalina.core.ApplicationFilterChain.doFilter(ApplicationFilterChain.java:158) ~[tomcat-embed-core-10.1.5.jar:10.1.5]
	at org.springframework.web.filter.RequestContextFilter.doFilterInternal(RequestContextFilter.java:100) ~[spring-web-6.0.5.jar:6.0.5]
	at org.springframework.web.filter.OncePerRequestFilter.doFilter(OncePerRequestFilter.java:116) ~[spring-web-6.0.5.jar:6.0.5]
	at org.apache.catalina.core.ApplicationFilterChain.internalDoFilter(ApplicationFilterChain.java:185) ~[tomcat-embed-core-10.1.5.jar:10.1.5]
	at org.apache.catalina.core.ApplicationFilterChain.doFilter(ApplicationFilterChain.java:158) ~[tomcat-embed-core-10.1.5.jar:10.1.5]
	at org.springframework.web.filter.FormContentFilter.doFilterInternal(FormContentFilter.java:93) ~[spring-web-6.0.5.jar:6.0.5]
	at org.springframework.web.filter.OncePerRequestFilter.doFilter(OncePerRequestFilter.java:116) ~[spring-web-6.0.5.jar:6.0.5]
	at org.apache.catalina.core.ApplicationFilterChain.internalDoFilter(ApplicationFilterChain.java:185) ~[tomcat-embed-core-10.1.5.jar:10.1.5]
	at org.apache.catalina.core.ApplicationFilterChain.doFilter(ApplicationFilterChain.java:158) ~[tomcat-embed-core-10.1.5.jar:10.1.5]
	at org.springframework.web.filter.ServerHttpObservationFilter.doFilterInternal(ServerHttpObservationFilter.java:109) ~[spring-web-6.0.5.jar:6.0.5]
	at org.springframework.web.filter.OncePerRequestFilter.doFilter(OncePerRequestFilter.java:116) ~[spring-web-6.0.5.jar:6.0.5]
	at org.apache.catalina.core.ApplicationFilterChain.internalDoFilter(ApplicationFilterChain.java:185) ~[tomcat-embed-core-10.1.5.jar:10.1.5]
	at org.apache.catalina.core.ApplicationFilterChain.doFilter(ApplicationFilterChain.java:158) ~[tomcat-embed-core-10.1.5.jar:10.1.5]
	at org.springframework.web.filter.CharacterEncodingFilter.doFilterInternal(CharacterEncodingFilter.java:201) ~[spring-web-6.0.5.jar:6.0.5]
	at org.springframework.web.filter.OncePerRequestFilter.doFilter(OncePerRequestFilter.java:116) ~[spring-web-6.0.5.jar:6.0.5]
	at org.apache.catalina.core.ApplicationFilterChain.internalDoFilter(ApplicationFilterChain.java:185) ~[tomcat-embed-core-10.1.5.jar:10.1.5]
	at org.apache.catalina.core.ApplicationFilterChain.doFilter(ApplicationFilterChain.java:158) ~[tomcat-embed-core-10.1.5.jar:10.1.5]
	at org.apache.catalina.core.StandardWrapperValve.invoke(StandardWrapperValve.java:177) ~[tomcat-embed-core-10.1.5.jar:10.1.5]
	at org.apache.catalina.core.StandardContextValve.invoke(StandardContextValve.java:97) ~[tomcat-embed-core-10.1.5.jar:10.1.5]
	at org.apache.catalina.authenticator.AuthenticatorBase.invoke(AuthenticatorBase.java:542) ~[tomcat-embed-core-10.1.5.jar:10.1.5]
	at org.apache.catalina.core.StandardHostValve.invoke(StandardHostValve.java:119) ~[tomcat-embed-core-10.1.5.jar:10.1.5]
	at org.apache.catalina.valves.ErrorReportValve.invoke(ErrorReportValve.java:92) ~[tomcat-embed-core-10.1.5.jar:10.1.5]
	at org.apache.catalina.core.StandardEngineValve.invoke(StandardEngineValve.java:78) ~[tomcat-embed-core-10.1.5.jar:10.1.5]
	at org.apache.catalina.connector.CoyoteAdapter.service(CoyoteAdapter.java:357) ~[tomcat-embed-core-10.1.5.jar:10.1.5]
	at org.apache.coyote.http11.Http11Processor.service(Http11Processor.java:400) ~[tomcat-embed-core-10.1.5.jar:10.1.5]
	at org.apache.coyote.AbstractProcessorLight.process(AbstractProcessorLight.java:65) ~[tomcat-embed-core-10.1.5.jar:10.1.5]
	at org.apache.coyote.AbstractProtocol$ConnectionHandler.process(AbstractProtocol.java:859) ~[tomcat-embed-core-10.1.5.jar:10.1.5]
	at org.apache.tomcat.util.net.NioEndpoint$SocketProcessor.doRun(NioEndpoint.java:1734) ~[tomcat-embed-core-10.1.5.jar:10.1.5]
	at org.apache.tomcat.util.net.SocketProcessorBase.run(SocketProcessorBase.java:52) ~[tomcat-embed-core-10.1.5.jar:10.1.5]
	at org.apache.tomcat.util.threads.ThreadPoolExecutor.runWorker(ThreadPoolExecutor.java:1191) ~[tomcat-embed-core-10.1.5.jar:10.1.5]
	at org.apache.tomcat.util.threads.ThreadPoolExecutor$Worker.run(ThreadPoolExecutor.java:659) ~[tomcat-embed-core-10.1.5.jar:10.1.5]
	at org.apache.tomcat.util.threads.TaskThread$WrappingRunnable.run(TaskThread.java:61) ~[tomcat-embed-core-10.1.5.jar:10.1.5]
	at java.base/java.lang.Thread.run(Unknown Source) ~[na:na]

2023-03-02T15:24:21.293+05:30 ERROR 10144 --- [http-nio-8080-exec-1] o.a.c.c.C.[.[.[.[dispatcherServlet]      : Servlet.service() for servlet [dispatcherServlet] in context with path [/productTest] threw exception [Request processing failed: org.thymeleaf.exceptions.TemplateProcessingException: Could not parse as expression: "" (template: "display" - line 10, col 65)] with root cause

org.thymeleaf.exceptions.TemplateProcessingException: Could not parse as expression: "" (template: "display" - line 10, col 65)
	at org.thymeleaf.standard.expression.StandardExpressionParser.parseExpression(StandardExpressionParser.java:131) ~[thymeleaf-3.1.1.RELEASE.jar:3.1.1.RELEASE]
	at org.thymeleaf.standard.expression.StandardExpressionParser.parseExpression(StandardExpressionParser.java:62) ~[thymeleaf-3.1.1.RELEASE.jar:3.1.1.RELEASE]
	at org.thymeleaf.standard.expression.StandardExpressionParser.parseExpression(StandardExpressionParser.java:44) ~[thymeleaf-3.1.1.RELEASE.jar:3.1.1.RELEASE]
	at org.thymeleaf.engine.EngineEventUtils.parseAttributeExpression(EngineEventUtils.java:220) ~[thymeleaf-3.1.1.RELEASE.jar:3.1.1.RELEASE]
	at org.thymeleaf.engine.EngineEventUtils.computeAttributeExpression(EngineEventUtils.java:207) ~[thymeleaf-3.1.1.RELEASE.jar:3.1.1.RELEASE]
	at org.thymeleaf.standard.processor.AbstractStandardExpressionAttributeTagProcessor.doProcess(AbstractStandardExpressionAttributeTagProcessor.java:125) ~[thymeleaf-3.1.1.RELEASE.jar:3.1.1.RELEASE]
	at org.thymeleaf.processor.element.AbstractAttributeTagProcessor.doProcess(AbstractAttributeTagProcessor.java:74) ~[thymeleaf-3.1.1.RELEASE.jar:3.1.1.RELEASE]
	at org.thymeleaf.processor.element.AbstractElementTagProcessor.process(AbstractElementTagProcessor.java:95) ~[thymeleaf-3.1.1.RELEASE.jar:3.1.1.RELEASE]
	at org.thymeleaf.util.ProcessorConfigurationUtils$ElementTagProcessorWrapper.process(ProcessorConfigurationUtils.java:633) ~[thymeleaf-3.1.1.RELEASE.jar:3.1.1.RELEASE]
	at org.thymeleaf.engine.ProcessorTemplateHandler.handleOpenElement(ProcessorTemplateHandler.java:1314) ~[thymeleaf-3.1.1.RELEASE.jar:3.1.1.RELEASE]
	at org.thymeleaf.engine.OpenElementTag.beHandled(OpenElementTag.java:205) ~[thymeleaf-3.1.1.RELEASE.jar:3.1.1.RELEASE]
	at org.thymeleaf.engine.TemplateModel.process(TemplateModel.java:136) ~[thymeleaf-3.1.1.RELEASE.jar:3.1.1.RELEASE]
	at org.thymeleaf.engine.TemplateManager.parseAndProcess(TemplateManager.java:661) ~[thymeleaf-3.1.1.RELEASE.jar:3.1.1.RELEASE]
	at org.thymeleaf.TemplateEngine.process(TemplateEngine.java:1103) ~[thymeleaf-3.1.1.RELEASE.jar:3.1.1.RELEASE]
	at org.thymeleaf.TemplateEngine.process(TemplateEngine.java:1077) ~[thymeleaf-3.1.1.RELEASE.jar:3.1.1.RELEASE]
	at org.thymeleaf.spring6.view.ThymeleafView.renderFragment(ThymeleafView.java:372) ~[thymeleaf-spring6-3.1.1.RELEASE.jar:3.1.1.RELEASE]
	at org.thymeleaf.spring6.view.ThymeleafView.render(ThymeleafView.java:192) ~[thymeleaf-spring6-3.1.1.RELEASE.jar:3.1.1.RELEASE]
	at org.springframework.web.servlet.DispatcherServlet.render(DispatcherServlet.java:1415) ~[spring-webmvc-6.0.5.jar:6.0.5]
	at org.springframework.web.servlet.DispatcherServlet.processDispatchResult(DispatcherServlet.java:1159) ~[spring-webmvc-6.0.5.jar:6.0.5]
	at org.springframework.web.servlet.DispatcherServlet.doDispatch(DispatcherServlet.java:1098) ~[spring-webmvc-6.0.5.jar:6.0.5]
	at org.springframework.web.servlet.DispatcherServlet.doService(DispatcherServlet.java:974) ~[spring-webmvc-6.0.5.jar:6.0.5]
	at org.springframework.web.servlet.FrameworkServlet.processRequest(FrameworkServlet.java:1011) ~[spring-webmvc-6.0.5.jar:6.0.5]
	at org.springframework.web.servlet.FrameworkServlet.doGet(FrameworkServlet.java:903) ~[spring-webmvc-6.0.5.jar:6.0.5]
	at jakarta.servlet.http.HttpServlet.service(HttpServlet.java:705) ~[tomcat-embed-core-10.1.5.jar:6.0]
	at org.springframework.web.servlet.FrameworkServlet.service(FrameworkServlet.java:885) ~[spring-webmvc-6.0.5.jar:6.0.5]
	at jakarta.servlet.http.HttpServlet.service(HttpServlet.java:814) ~[tomcat-embed-core-10.1.5.jar:6.0]
	at org.apache.catalina.core.ApplicationFilterChain.internalDoFilter(ApplicationFilterChain.java:223) ~[tomcat-embed-core-10.1.5.jar:10.1.5]
	at org.apache.catalina.core.ApplicationFilterChain.doFilter(ApplicationFilterChain.java:158) ~[tomcat-embed-core-10.1.5.jar:10.1.5]
	at org.apache.tomcat.websocket.server.WsFilter.doFilter(WsFilter.java:53) ~[tomcat-embed-websocket-10.1.5.jar:10.1.5]
	at org.apache.catalina.core.ApplicationFilterChain.internalDoFilter(ApplicationFilterChain.java:185) ~[tomcat-embed-core-10.1.5.jar:10.1.5]
	at org.apache.catalina.core.ApplicationFilterChain.doFilter(ApplicationFilterChain.java:158) ~[tomcat-embed-core-10.1.5.jar:10.1.5]
	at org.springframework.web.filter.RequestContextFilter.doFilterInternal(RequestContextFilter.java:100) ~[spring-web-6.0.5.jar:6.0.5]
	at org.springframework.web.filter.OncePerRequestFilter.doFilter(OncePerRequestFilter.java:116) ~[spring-web-6.0.5.jar:6.0.5]
	at org.apache.catalina.core.ApplicationFilterChain.internalDoFilter(ApplicationFilterChain.java:185) ~[tomcat-embed-core-10.1.5.jar:10.1.5]
	at org.apache.catalina.core.ApplicationFilterChain.doFilter(ApplicationFilterChain.java:158) ~[tomcat-embed-core-10.1.5.jar:10.1.5]
	at org.springframework.web.filter.FormContentFilter.doFilterInternal(FormContentFilter.java:93) ~[spring-web-6.0.5.jar:6.0.5]
	at org.springframework.web.filter.OncePerRequestFilter.doFilter(OncePerRequestFilter.java:116) ~[spring-web-6.0.5.jar:6.0.5]
	at org.apache.catalina.core.ApplicationFilterChain.internalDoFilter(ApplicationFilterChain.java:185) ~[tomcat-embed-core-10.1.5.jar:10.1.5]
	at org.apache.catalina.core.ApplicationFilterChain.doFilter(ApplicationFilterChain.java:158) ~[tomcat-embed-core-10.1.5.jar:10.1.5]
	at org.springframework.web.filter.ServerHttpObservationFilter.doFilterInternal(ServerHttpObservationFilter.java:109) ~[spring-web-6.0.5.jar:6.0.5]
	at org.springframework.web.filter.OncePerRequestFilter.doFilter(OncePerRequestFilter.java:116) ~[spring-web-6.0.5.jar:6.0.5]
	at org.apache.catalina.core.ApplicationFilterChain.internalDoFilter(ApplicationFilterChain.java:185) ~[tomcat-embed-core-10.1.5.jar:10.1.5]
	at org.apache.catalina.core.ApplicationFilterChain.doFilter(ApplicationFilterChain.java:158) ~[tomcat-embed-core-10.1.5.jar:10.1.5]
	at org.springframework.web.filter.CharacterEncodingFilter.doFilterInternal(CharacterEncodingFilter.java:201) ~[spring-web-6.0.5.jar:6.0.5]
	at org.springframework.web.filter.OncePerRequestFilter.doFilter(OncePerRequestFilter.java:116) ~[spring-web-6.0.5.jar:6.0.5]
	at org.apache.catalina.core.ApplicationFilterChain.internalDoFilter(ApplicationFilterChain.java:185) ~[tomcat-embed-core-10.1.5.jar:10.1.5]
	at org.apache.catalina.core.ApplicationFilterChain.doFilter(ApplicationFilterChain.java:158) ~[tomcat-embed-core-10.1.5.jar:10.1.5]
	at org.apache.catalina.core.StandardWrapperValve.invoke(StandardWrapperValve.java:177) ~[tomcat-embed-core-10.1.5.jar:10.1.5]
	at org.apache.catalina.core.StandardContextValve.invoke(StandardContextValve.java:97) ~[tomcat-embed-core-10.1.5.jar:10.1.5]
	at org.apache.catalina.authenticator.AuthenticatorBase.invoke(AuthenticatorBase.java:542) ~[tomcat-embed-core-10.1.5.jar:10.1.5]
	at org.apache.catalina.core.StandardHostValve.invoke(StandardHostValve.java:119) ~[tomcat-embed-core-10.1.5.jar:10.1.5]
	at org.apache.catalina.valves.ErrorReportValve.invoke(ErrorReportValve.java:92) ~[tomcat-embed-core-10.1.5.jar:10.1.5]
	at org.apache.catalina.core.StandardEngineValve.invoke(StandardEngineValve.java:78) ~[tomcat-embed-core-10.1.5.jar:10.1.5]
	at org.apache.catalina.connector.CoyoteAdapter.service(CoyoteAdapter.java:357) ~[tomcat-embed-core-10.1.5.jar:10.1.5]
	at org.apache.coyote.http11.Http11Processor.service(Http11Processor.java:400) ~[tomcat-embed-core-10.1.5.jar:10.1.5]
	at org.apache.coyote.AbstractProcessorLight.process(AbstractProcessorLight.java:65) ~[tomcat-embed-core-10.1.5.jar:10.1.5]
	at org.apache.coyote.AbstractProtocol$ConnectionHandler.process(AbstractProtocol.java:859) ~[tomcat-embed-core-10.1.5.jar:10.1.5]
	at org.apache.tomcat.util.net.NioEndpoint$SocketProcessor.doRun(NioEndpoint.java:1734) ~[tomcat-embed-core-10.1.5.jar:10.1.5]
	at org.apache.tomcat.util.net.SocketProcessorBase.run(SocketProcessorBase.java:52) ~[tomcat-embed-core-10.1.5.jar:10.1.5]
	at org.apache.tomcat.util.threads.ThreadPoolExecutor.runWorker(ThreadPoolExecutor.java:1191) ~[tomcat-embed-core-10.1.5.jar:10.1.5]
	at org.apache.tomcat.util.threads.ThreadPoolExecutor$Worker.run(ThreadPoolExecutor.java:659) ~[tomcat-embed-core-10.1.5.jar:10.1.5]
	at org.apache.tomcat.util.threads.TaskThread$WrappingRunnable.run(TaskThread.java:61) ~[tomcat-embed-core-10.1.5.jar:10.1.5]
	at java.base/java.lang.Thread.run(Unknown Source) ~[na:na]

2023-03-02T15:25:58.540+05:30  INFO 15412 --- [main] com.example.demo.DemoApplication         : Starting DemoApplication using Java 17.0.6 with PID 15412 (C:\Users\admin\Documents\springboot\demo\target\classes started by admin in C:\Users\admin\Documents\springboot\demo)
2023-03-02T15:25:58.542+05:30  INFO 15412 --- [main] com.example.demo.DemoApplication         : No active profile set, falling back to 1 default profile: "default"
2023-03-02T15:25:59.081+05:30  INFO 15412 --- [main] .s.d.r.c.RepositoryConfigurationDelegate : Bootstrapping Spring Data JPA repositories in DEFAULT mode.
2023-03-02T15:25:59.145+05:30  INFO 15412 --- [main] .s.d.r.c.RepositoryConfigurationDelegate : Finished Spring Data repository scanning in 54 ms. Found 1 JPA repository interfaces.
2023-03-02T15:25:59.544+05:30  INFO 15412 --- [main] o.s.b.w.embedded.tomcat.TomcatWebServer  : Tomcat initialized with port(s): 8080 (http)
2023-03-02T15:25:59.560+05:30  INFO 15412 --- [main] o.apache.catalina.core.StandardService   : Starting service [Tomcat]
2023-03-02T15:25:59.562+05:30  INFO 15412 --- [main] o.apache.catalina.core.StandardEngine    : Starting Servlet engine: [Apache Tomcat/10.1.5]
2023-03-02T15:25:59.671+05:30  INFO 15412 --- [main] o.a.c.c.C.[.[localhost].[/productTest]   : Initializing Spring embedded WebApplicationContext
2023-03-02T15:25:59.673+05:30  INFO 15412 --- [main] w.s.c.ServletWebServerApplicationContext : Root WebApplicationContext: initialization completed in 1089 ms
2023-03-02T15:25:59.926+05:30  INFO 15412 --- [main] com.zaxxer.hikari.HikariDataSource       : HikariPool-1 - Starting...
2023-03-02T15:26:00.226+05:30  INFO 15412 --- [main] com.zaxxer.hikari.pool.HikariPool        : HikariPool-1 - Added connection com.mysql.cj.jdbc.ConnectionImpl@402b4f81
2023-03-02T15:26:00.227+05:30  INFO 15412 --- [main] com.zaxxer.hikari.HikariDataSource       : HikariPool-1 - Start completed.
2023-03-02T15:26:00.254+05:30  INFO 15412 --- [main] o.hibernate.jpa.internal.util.LogHelper  : HHH000204: Processing PersistenceUnitInfo [name: default]
2023-03-02T15:26:00.286+05:30  INFO 15412 --- [main] org.hibernate.Version                    : HHH000412: Hibernate ORM core version 6.1.7.Final
2023-03-02T15:26:00.546+05:30  INFO 15412 --- [main] SQL dialect                              : HHH000400: Using dialect: org.hibernate.dialect.MySQLDialect
2023-03-02T15:26:00.907+05:30  INFO 15412 --- [main] o.h.e.t.j.p.i.JtaPlatformInitiator       : HHH000490: Using JtaPlatform implementation: [org.hibernate.engine.transaction.jta.platform.internal.NoJtaPlatform]
2023-03-02T15:26:00.912+05:30  INFO 15412 --- [main] j.LocalContainerEntityManagerFactoryBean : Initialized JPA EntityManagerFactory for persistence unit 'default'
2023-03-02T15:26:01.094+05:30  WARN 15412 --- [main] JpaBaseConfiguration$JpaWebConfiguration : spring.jpa.open-in-view is enabled by default. Therefore, database queries may be performed during view rendering. Explicitly configure spring.jpa.open-in-view to disable this warning
2023-03-02T15:26:01.429+05:30  INFO 15412 --- [main] o.s.b.a.e.web.EndpointLinksResolver      : Exposing 14 endpoint(s) beneath base path '/actuator'
2023-03-02T15:26:01.478+05:30  INFO 15412 --- [main] o.s.b.w.embedded.tomcat.TomcatWebServer  : Tomcat started on port(s): 8080 (http) with context path '/productTest'
2023-03-02T15:26:01.484+05:30  INFO 15412 --- [main] com.example.demo.DemoApplication         : Started DemoApplication in 3.193 seconds (process running for 3.407)
2023-03-02T15:26:01.802+05:30  INFO 15412 --- [RMI TCP Connection(3)-127.0.0.1] o.a.c.c.C.[.[localhost].[/productTest]   : Initializing Spring DispatcherServlet 'dispatcherServlet'
2023-03-02T15:26:01.803+05:30  INFO 15412 --- [RMI TCP Connection(3)-127.0.0.1] o.s.web.servlet.DispatcherServlet        : Initializing Servlet 'dispatcherServlet'
2023-03-02T15:26:01.804+05:30  INFO 15412 --- [RMI TCP Connection(3)-127.0.0.1] o.s.web.servlet.DispatcherServlet        : Completed initialization in 1 ms
2023-03-02T15:26:12.316+05:30  INFO 10996 --- [main] com.example.demo.DemoApplication         : Starting DemoApplication using Java 17.0.6 with PID 10996 (C:\Users\admin\Documents\springboot\demo\target\classes started by admin in C:\Users\admin\Documents\springboot\demo)
2023-03-02T15:26:12.319+05:30  INFO 10996 --- [main] com.example.demo.DemoApplication         : No active profile set, falling back to 1 default profile: "default"
2023-03-02T15:26:12.893+05:30  INFO 10996 --- [main] .s.d.r.c.RepositoryConfigurationDelegate : Bootstrapping Spring Data JPA repositories in DEFAULT mode.
2023-03-02T15:26:12.951+05:30  INFO 10996 --- [main] .s.d.r.c.RepositoryConfigurationDelegate : Finished Spring Data repository scanning in 47 ms. Found 1 JPA repository interfaces.
2023-03-02T15:26:13.342+05:30  INFO 10996 --- [main] o.s.b.w.embedded.tomcat.TomcatWebServer  : Tomcat initialized with port(s): 8080 (http)
2023-03-02T15:26:13.358+05:30  INFO 10996 --- [main] o.apache.catalina.core.StandardService   : Starting service [Tomcat]
2023-03-02T15:26:13.360+05:30  INFO 10996 --- [main] o.apache.catalina.core.StandardEngine    : Starting Servlet engine: [Apache Tomcat/10.1.5]
2023-03-02T15:26:13.470+05:30  INFO 10996 --- [main] o.a.c.c.C.[.[localhost].[/productTest]   : Initializing Spring embedded WebApplicationContext
2023-03-02T15:26:13.471+05:30  INFO 10996 --- [main] w.s.c.ServletWebServerApplicationContext : Root WebApplicationContext: initialization completed in 1119 ms
2023-03-02T15:26:13.701+05:30  INFO 10996 --- [main] com.zaxxer.hikari.HikariDataSource       : HikariPool-1 - Starting...
2023-03-02T15:26:14.032+05:30  INFO 10996 --- [main] com.zaxxer.hikari.pool.HikariPool        : HikariPool-1 - Added connection com.mysql.cj.jdbc.ConnectionImpl@1b17d8ab
2023-03-02T15:26:14.034+05:30  INFO 10996 --- [main] com.zaxxer.hikari.HikariDataSource       : HikariPool-1 - Start completed.
2023-03-02T15:26:14.060+05:30  INFO 10996 --- [main] o.hibernate.jpa.internal.util.LogHelper  : HHH000204: Processing PersistenceUnitInfo [name: default]
2023-03-02T15:26:14.088+05:30  INFO 10996 --- [main] org.hibernate.Version                    : HHH000412: Hibernate ORM core version 6.1.7.Final
2023-03-02T15:26:14.345+05:30  INFO 10996 --- [main] SQL dialect                              : HHH000400: Using dialect: org.hibernate.dialect.MySQLDialect
2023-03-02T15:26:14.741+05:30  INFO 10996 --- [main] o.h.e.t.j.p.i.JtaPlatformInitiator       : HHH000490: Using JtaPlatform implementation: [org.hibernate.engine.transaction.jta.platform.internal.NoJtaPlatform]
2023-03-02T15:26:14.747+05:30  INFO 10996 --- [main] j.LocalContainerEntityManagerFactoryBean : Initialized JPA EntityManagerFactory for persistence unit 'default'
2023-03-02T15:26:14.900+05:30  WARN 10996 --- [main] JpaBaseConfiguration$JpaWebConfiguration : spring.jpa.open-in-view is enabled by default. Therefore, database queries may be performed during view rendering. Explicitly configure spring.jpa.open-in-view to disable this warning
2023-03-02T15:26:15.258+05:30  INFO 10996 --- [main] o.s.b.a.e.web.EndpointLinksResolver      : Exposing 14 endpoint(s) beneath base path '/actuator'
2023-03-02T15:26:15.306+05:30  INFO 10996 --- [main] o.s.b.w.embedded.tomcat.TomcatWebServer  : Tomcat started on port(s): 8080 (http) with context path '/productTest'
2023-03-02T15:26:15.313+05:30  INFO 10996 --- [main] com.example.demo.DemoApplication         : Started DemoApplication in 3.244 seconds (process running for 3.465)
2023-03-02T15:26:15.581+05:30  INFO 10996 --- [RMI TCP Connection(1)-127.0.0.1] o.a.c.c.C.[.[localhost].[/productTest]   : Initializing Spring DispatcherServlet 'dispatcherServlet'
2023-03-02T15:26:15.581+05:30  INFO 10996 --- [RMI TCP Connection(1)-127.0.0.1] o.s.web.servlet.DispatcherServlet        : Initializing Servlet 'dispatcherServlet'
2023-03-02T15:26:15.583+05:30  INFO 10996 --- [RMI TCP Connection(1)-127.0.0.1] o.s.web.servlet.DispatcherServlet        : Completed initialization in 1 ms
2023-03-02T15:27:04.837+05:30  INFO 15196 --- [main] com.example.demo.DemoApplication         : Starting DemoApplication using Java 17.0.6 with PID 15196 (C:\Users\admin\Documents\springboot\demo\target\classes started by admin in C:\Users\admin\Documents\springboot\demo)
2023-03-02T15:27:04.839+05:30  INFO 15196 --- [main] com.example.demo.DemoApplication         : No active profile set, falling back to 1 default profile: "default"
2023-03-02T15:27:05.414+05:30  INFO 15196 --- [main] .s.d.r.c.RepositoryConfigurationDelegate : Bootstrapping Spring Data JPA repositories in DEFAULT mode.
2023-03-02T15:27:05.461+05:30  INFO 15196 --- [main] .s.d.r.c.RepositoryConfigurationDelegate : Finished Spring Data repository scanning in 39 ms. Found 1 JPA repository interfaces.
2023-03-02T15:27:05.900+05:30  INFO 15196 --- [main] o.s.b.w.embedded.tomcat.TomcatWebServer  : Tomcat initialized with port(s): 8080 (http)
2023-03-02T15:27:05.910+05:30  INFO 15196 --- [main] o.apache.catalina.core.StandardService   : Starting service [Tomcat]
2023-03-02T15:27:05.911+05:30  INFO 15196 --- [main] o.apache.catalina.core.StandardEngine    : Starting Servlet engine: [Apache Tomcat/10.1.5]
2023-03-02T15:27:05.999+05:30  INFO 15196 --- [main] o.a.c.c.C.[.[localhost].[/productTest]   : Initializing Spring embedded WebApplicationContext
2023-03-02T15:27:06.000+05:30  INFO 15196 --- [main] w.s.c.ServletWebServerApplicationContext : Root WebApplicationContext: initialization completed in 1129 ms
2023-03-02T15:27:06.246+05:30  INFO 15196 --- [main] com.zaxxer.hikari.HikariDataSource       : HikariPool-1 - Starting...
2023-03-02T15:27:06.564+05:30  INFO 15196 --- [main] com.zaxxer.hikari.pool.HikariPool        : HikariPool-1 - Added connection com.mysql.cj.jdbc.ConnectionImpl@54895681
2023-03-02T15:27:06.566+05:30  INFO 15196 --- [main] com.zaxxer.hikari.HikariDataSource       : HikariPool-1 - Start completed.
2023-03-02T15:27:06.591+05:30  INFO 15196 --- [main] o.hibernate.jpa.internal.util.LogHelper  : HHH000204: Processing PersistenceUnitInfo [name: default]
2023-03-02T15:27:06.621+05:30  INFO 15196 --- [main] org.hibernate.Version                    : HHH000412: Hibernate ORM core version 6.1.7.Final
2023-03-02T15:27:06.848+05:30  INFO 15196 --- [main] SQL dialect                              : HHH000400: Using dialect: org.hibernate.dialect.MySQLDialect
2023-03-02T15:27:07.226+05:30  INFO 15196 --- [main] o.h.e.t.j.p.i.JtaPlatformInitiator       : HHH000490: Using JtaPlatform implementation: [org.hibernate.engine.transaction.jta.platform.internal.NoJtaPlatform]
2023-03-02T15:27:07.232+05:30  INFO 15196 --- [main] j.LocalContainerEntityManagerFactoryBean : Initialized JPA EntityManagerFactory for persistence unit 'default'
2023-03-02T15:27:07.444+05:30  WARN 15196 --- [main] JpaBaseConfiguration$JpaWebConfiguration : spring.jpa.open-in-view is enabled by default. Therefore, database queries may be performed during view rendering. Explicitly configure spring.jpa.open-in-view to disable this warning
2023-03-02T15:27:07.780+05:30  INFO 15196 --- [main] o.s.b.a.e.web.EndpointLinksResolver      : Exposing 14 endpoint(s) beneath base path '/actuator'
2023-03-02T15:27:07.825+05:30  INFO 15196 --- [main] o.s.b.w.embedded.tomcat.TomcatWebServer  : Tomcat started on port(s): 8080 (http) with context path '/productTest'
2023-03-02T15:27:07.831+05:30  INFO 15196 --- [main] com.example.demo.DemoApplication         : Started DemoApplication in 3.241 seconds (process running for 3.458)
2023-03-02T15:27:08.123+05:30  INFO 15196 --- [RMI TCP Connection(1)-127.0.0.1] o.a.c.c.C.[.[localhost].[/productTest]   : Initializing Spring DispatcherServlet 'dispatcherServlet'
2023-03-02T15:27:08.124+05:30  INFO 15196 --- [RMI TCP Connection(1)-127.0.0.1] o.s.web.servlet.DispatcherServlet        : Initializing Servlet 'dispatcherServlet'
2023-03-02T15:27:08.126+05:30  INFO 15196 --- [RMI TCP Connection(1)-127.0.0.1] o.s.web.servlet.DispatcherServlet        : Completed initialization in 2 ms
2023-03-02T15:31:18.326+05:30  INFO 9512 --- [main] com.example.demo.DemoApplication         : Starting DemoApplication using Java 17.0.6 with PID 9512 (C:\Users\admin\Documents\springboot\demo\target\classes started by admin in C:\Users\admin\Documents\springboot\demo)
2023-03-02T15:31:18.328+05:30  INFO 9512 --- [main] com.example.demo.DemoApplication         : No active profile set, falling back to 1 default profile: "default"
2023-03-02T15:31:18.925+05:30  INFO 9512 --- [main] .s.d.r.c.RepositoryConfigurationDelegate : Bootstrapping Spring Data JPA repositories in DEFAULT mode.
2023-03-02T15:31:18.985+05:30  INFO 9512 --- [main] .s.d.r.c.RepositoryConfigurationDelegate : Finished Spring Data repository scanning in 49 ms. Found 1 JPA repository interfaces.
2023-03-02T15:31:19.594+05:30  INFO 9512 --- [main] o.s.b.w.embedded.tomcat.TomcatWebServer  : Tomcat initialized with port(s): 8080 (http)
2023-03-02T15:31:19.616+05:30  INFO 9512 --- [main] o.apache.catalina.core.StandardService   : Starting service [Tomcat]
2023-03-02T15:31:19.618+05:30  INFO 9512 --- [main] o.apache.catalina.core.StandardEngine    : Starting Servlet engine: [Apache Tomcat/10.1.5]
2023-03-02T15:31:19.740+05:30  INFO 9512 --- [main] o.a.c.c.C.[.[localhost].[/productTest]   : Initializing Spring embedded WebApplicationContext
2023-03-02T15:31:19.742+05:30  INFO 9512 --- [main] w.s.c.ServletWebServerApplicationContext : Root WebApplicationContext: initialization completed in 1373 ms
2023-03-02T15:31:20.040+05:30  INFO 9512 --- [main] com.zaxxer.hikari.HikariDataSource       : HikariPool-1 - Starting...
2023-03-02T15:31:20.385+05:30  INFO 9512 --- [main] com.zaxxer.hikari.pool.HikariPool        : HikariPool-1 - Added connection com.mysql.cj.jdbc.ConnectionImpl@1796b2d4
2023-03-02T15:31:20.389+05:30  INFO 9512 --- [main] com.zaxxer.hikari.HikariDataSource       : HikariPool-1 - Start completed.
2023-03-02T15:31:20.428+05:30  INFO 9512 --- [main] o.hibernate.jpa.internal.util.LogHelper  : HHH000204: Processing PersistenceUnitInfo [name: default]
2023-03-02T15:31:20.459+05:30  INFO 9512 --- [main] org.hibernate.Version                    : HHH000412: Hibernate ORM core version 6.1.7.Final
2023-03-02T15:31:20.696+05:30  INFO 9512 --- [main] SQL dialect                              : HHH000400: Using dialect: org.hibernate.dialect.MySQLDialect
2023-03-02T15:31:21.088+05:30  INFO 9512 --- [main] o.h.e.t.j.p.i.JtaPlatformInitiator       : HHH000490: Using JtaPlatform implementation: [org.hibernate.engine.transaction.jta.platform.internal.NoJtaPlatform]
2023-03-02T15:31:21.094+05:30  INFO 9512 --- [main] j.LocalContainerEntityManagerFactoryBean : Initialized JPA EntityManagerFactory for persistence unit 'default'
2023-03-02T15:31:21.269+05:30  WARN 9512 --- [main] JpaBaseConfiguration$JpaWebConfiguration : spring.jpa.open-in-view is enabled by default. Therefore, database queries may be performed during view rendering. Explicitly configure spring.jpa.open-in-view to disable this warning
2023-03-02T15:31:21.704+05:30  INFO 9512 --- [main] o.s.b.a.e.web.EndpointLinksResolver      : Exposing 14 endpoint(s) beneath base path '/actuator'
2023-03-02T15:31:21.752+05:30  INFO 9512 --- [main] o.s.b.w.embedded.tomcat.TomcatWebServer  : Tomcat started on port(s): 8080 (http) with context path '/productTest'
2023-03-02T15:31:21.759+05:30  INFO 9512 --- [main] com.example.demo.DemoApplication         : Started DemoApplication in 3.695 seconds (process running for 3.914)
2023-03-02T15:31:24.587+05:30  INFO 9512 --- [RMI TCP Connection(3)-127.0.0.1] o.a.c.c.C.[.[localhost].[/productTest]   : Initializing Spring DispatcherServlet 'dispatcherServlet'
2023-03-02T15:31:24.588+05:30  INFO 9512 --- [RMI TCP Connection(3)-127.0.0.1] o.s.web.servlet.DispatcherServlet        : Initializing Servlet 'dispatcherServlet'
2023-03-02T15:31:24.589+05:30  INFO 9512 --- [RMI TCP Connection(3)-127.0.0.1] o.s.web.servlet.DispatcherServlet        : Completed initialization in 1 ms
2023-03-02T15:38:05.672+05:30  INFO 11364 --- [main] com.example.demo.DemoApplication         : Starting DemoApplication using Java 17.0.6 with PID 11364 (C:\Users\admin\Documents\springboot\demo\target\classes started by admin in C:\Users\admin\Documents\springboot\demo)
2023-03-02T15:38:05.674+05:30  INFO 11364 --- [main] com.example.demo.DemoApplication         : No active profile set, falling back to 1 default profile: "default"
2023-03-02T15:38:06.253+05:30  INFO 11364 --- [main] .s.d.r.c.RepositoryConfigurationDelegate : Bootstrapping Spring Data JPA repositories in DEFAULT mode.
2023-03-02T15:38:06.341+05:30  INFO 11364 --- [main] .s.d.r.c.RepositoryConfigurationDelegate : Finished Spring Data repository scanning in 57 ms. Found 1 JPA repository interfaces.
2023-03-02T15:38:06.808+05:30  INFO 11364 --- [main] o.s.b.w.embedded.tomcat.TomcatWebServer  : Tomcat initialized with port(s): 8080 (http)
2023-03-02T15:38:06.828+05:30  INFO 11364 --- [main] o.apache.catalina.core.StandardService   : Starting service [Tomcat]
2023-03-02T15:38:06.829+05:30  INFO 11364 --- [main] o.apache.catalina.core.StandardEngine    : Starting Servlet engine: [Apache Tomcat/10.1.5]
2023-03-02T15:38:06.934+05:30  INFO 11364 --- [main] o.a.c.c.C.[.[localhost].[/productTest]   : Initializing Spring embedded WebApplicationContext
2023-03-02T15:38:06.935+05:30  INFO 11364 --- [main] w.s.c.ServletWebServerApplicationContext : Root WebApplicationContext: initialization completed in 1227 ms
2023-03-02T15:38:07.176+05:30  INFO 11364 --- [main] com.zaxxer.hikari.HikariDataSource       : HikariPool-1 - Starting...
2023-03-02T15:38:07.506+05:30  INFO 11364 --- [main] com.zaxxer.hikari.pool.HikariPool        : HikariPool-1 - Added connection com.mysql.cj.jdbc.ConnectionImpl@7c4b5ceb
2023-03-02T15:38:07.508+05:30  INFO 11364 --- [main] com.zaxxer.hikari.HikariDataSource       : HikariPool-1 - Start completed.
2023-03-02T15:38:07.549+05:30  INFO 11364 --- [main] o.hibernate.jpa.internal.util.LogHelper  : HHH000204: Processing PersistenceUnitInfo [name: default]
2023-03-02T15:38:07.577+05:30  INFO 11364 --- [main] org.hibernate.Version                    : HHH000412: Hibernate ORM core version 6.1.7.Final
2023-03-02T15:38:07.842+05:30  INFO 11364 --- [main] SQL dialect                              : HHH000400: Using dialect: org.hibernate.dialect.MySQLDialect
2023-03-02T15:38:08.221+05:30  INFO 11364 --- [main] o.h.e.t.j.p.i.JtaPlatformInitiator       : HHH000490: Using JtaPlatform implementation: [org.hibernate.engine.transaction.jta.platform.internal.NoJtaPlatform]
2023-03-02T15:38:08.227+05:30  INFO 11364 --- [main] j.LocalContainerEntityManagerFactoryBean : Initialized JPA EntityManagerFactory for persistence unit 'default'
2023-03-02T15:38:08.386+05:30  WARN 11364 --- [main] JpaBaseConfiguration$JpaWebConfiguration : spring.jpa.open-in-view is enabled by default. Therefore, database queries may be performed during view rendering. Explicitly configure spring.jpa.open-in-view to disable this warning
2023-03-02T15:38:08.718+05:30  INFO 11364 --- [main] o.s.b.a.e.web.EndpointLinksResolver      : Exposing 14 endpoint(s) beneath base path '/actuator'
2023-03-02T15:38:08.768+05:30  INFO 11364 --- [main] o.s.b.w.embedded.tomcat.TomcatWebServer  : Tomcat started on port(s): 8080 (http) with context path '/productTest'
2023-03-02T15:38:08.775+05:30  INFO 11364 --- [main] com.example.demo.DemoApplication         : Started DemoApplication in 3.349 seconds (process running for 3.563)
2023-03-02T15:38:08.967+05:30  INFO 11364 --- [RMI TCP Connection(2)-127.0.0.1] o.a.c.c.C.[.[localhost].[/productTest]   : Initializing Spring DispatcherServlet 'dispatcherServlet'
2023-03-02T15:38:08.968+05:30  INFO 11364 --- [RMI TCP Connection(2)-127.0.0.1] o.s.web.servlet.DispatcherServlet        : Initializing Servlet 'dispatcherServlet'
2023-03-02T15:38:08.969+05:30  INFO 11364 --- [RMI TCP Connection(2)-127.0.0.1] o.s.web.servlet.DispatcherServlet        : Completed initialization in 1 ms
2023-03-02T15:39:55.906+05:30  INFO 4840 --- [main] com.example.demo.DemoApplication         : Starting DemoApplication using Java 17.0.6 with PID 4840 (C:\Users\admin\Documents\springboot\demo\target\classes started by admin in C:\Users\admin\Documents\springboot\demo)
2023-03-02T15:39:55.908+05:30  INFO 4840 --- [main] com.example.demo.DemoApplication         : No active profile set, falling back to 1 default profile: "default"
2023-03-02T15:39:56.481+05:30  INFO 4840 --- [main] .s.d.r.c.RepositoryConfigurationDelegate : Bootstrapping Spring Data JPA repositories in DEFAULT mode.
2023-03-02T15:39:56.530+05:30  INFO 4840 --- [main] .s.d.r.c.RepositoryConfigurationDelegate : Finished Spring Data repository scanning in 40 ms. Found 1 JPA repository interfaces.
2023-03-02T15:39:56.994+05:30  INFO 4840 --- [main] o.s.b.w.embedded.tomcat.TomcatWebServer  : Tomcat initialized with port(s): 8080 (http)
2023-03-02T15:39:57.011+05:30  INFO 4840 --- [main] o.apache.catalina.core.StandardService   : Starting service [Tomcat]
2023-03-02T15:39:57.012+05:30  INFO 4840 --- [main] o.apache.catalina.core.StandardEngine    : Starting Servlet engine: [Apache Tomcat/10.1.5]
2023-03-02T15:39:57.106+05:30  INFO 4840 --- [main] o.a.c.c.C.[.[localhost].[/productTest]   : Initializing Spring embedded WebApplicationContext
2023-03-02T15:39:57.106+05:30  INFO 4840 --- [main] w.s.c.ServletWebServerApplicationContext : Root WebApplicationContext: initialization completed in 1165 ms
2023-03-02T15:39:57.387+05:30  INFO 4840 --- [main] com.zaxxer.hikari.HikariDataSource       : HikariPool-1 - Starting...
2023-03-02T15:39:57.699+05:30  INFO 4840 --- [main] com.zaxxer.hikari.pool.HikariPool        : HikariPool-1 - Added connection com.mysql.cj.jdbc.ConnectionImpl@402b4f81
2023-03-02T15:39:57.702+05:30  INFO 4840 --- [main] com.zaxxer.hikari.HikariDataSource       : HikariPool-1 - Start completed.
2023-03-02T15:39:57.732+05:30  INFO 4840 --- [main] o.hibernate.jpa.internal.util.LogHelper  : HHH000204: Processing PersistenceUnitInfo [name: default]
2023-03-02T15:39:57.758+05:30  INFO 4840 --- [main] org.hibernate.Version                    : HHH000412: Hibernate ORM core version 6.1.7.Final
2023-03-02T15:39:58.029+05:30  INFO 4840 --- [main] SQL dialect                              : HHH000400: Using dialect: org.hibernate.dialect.MySQLDialect
2023-03-02T15:39:58.399+05:30  INFO 4840 --- [main] o.h.e.t.j.p.i.JtaPlatformInitiator       : HHH000490: Using JtaPlatform implementation: [org.hibernate.engine.transaction.jta.platform.internal.NoJtaPlatform]
2023-03-02T15:39:58.404+05:30  INFO 4840 --- [main] j.LocalContainerEntityManagerFactoryBean : Initialized JPA EntityManagerFactory for persistence unit 'default'
2023-03-02T15:39:58.594+05:30  WARN 4840 --- [main] JpaBaseConfiguration$JpaWebConfiguration : spring.jpa.open-in-view is enabled by default. Therefore, database queries may be performed during view rendering. Explicitly configure spring.jpa.open-in-view to disable this warning
2023-03-02T15:39:58.975+05:30  INFO 4840 --- [main] o.s.b.a.e.web.EndpointLinksResolver      : Exposing 14 endpoint(s) beneath base path '/actuator'
2023-03-02T15:39:59.022+05:30  INFO 4840 --- [main] o.s.b.w.embedded.tomcat.TomcatWebServer  : Tomcat started on port(s): 8080 (http) with context path '/productTest'
2023-03-02T15:39:59.029+05:30  INFO 4840 --- [main] com.example.demo.DemoApplication         : Started DemoApplication in 3.365 seconds (process running for 3.577)
2023-03-02T15:39:59.072+05:30  INFO 4840 --- [http-nio-8080-exec-1] o.a.c.c.C.[.[localhost].[/productTest]   : Initializing Spring DispatcherServlet 'dispatcherServlet'
2023-03-02T15:39:59.073+05:30  INFO 4840 --- [http-nio-8080-exec-1] o.s.web.servlet.DispatcherServlet        : Initializing Servlet 'dispatcherServlet'
2023-03-02T15:39:59.074+05:30  INFO 4840 --- [http-nio-8080-exec-1] o.s.web.servlet.DispatcherServlet        : Completed initialization in 0 ms
2023-03-02T15:46:09.928+05:30  INFO 12852 --- [main] com.example.demo.DemoApplication         : Starting DemoApplication using Java 17.0.6 with PID 12852 (C:\Users\admin\Documents\springboot\demo\target\classes started by admin in C:\Users\admin\Documents\springboot\demo)
2023-03-02T15:46:09.931+05:30  INFO 12852 --- [main] com.example.demo.DemoApplication         : No active profile set, falling back to 1 default profile: "default"
2023-03-02T15:46:10.552+05:30  INFO 12852 --- [main] .s.d.r.c.RepositoryConfigurationDelegate : Bootstrapping Spring Data JPA repositories in DEFAULT mode.
2023-03-02T15:46:10.638+05:30  INFO 12852 --- [main] .s.d.r.c.RepositoryConfigurationDelegate : Finished Spring Data repository scanning in 74 ms. Found 1 JPA repository interfaces.
2023-03-02T15:46:11.079+05:30  INFO 12852 --- [main] o.s.b.w.embedded.tomcat.TomcatWebServer  : Tomcat initialized with port(s): 8080 (http)
2023-03-02T15:46:11.095+05:30  INFO 12852 --- [main] o.apache.catalina.core.StandardService   : Starting service [Tomcat]
2023-03-02T15:46:11.096+05:30  INFO 12852 --- [main] o.apache.catalina.core.StandardEngine    : Starting Servlet engine: [Apache Tomcat/10.1.5]
2023-03-02T15:46:11.209+05:30  INFO 12852 --- [main] o.a.c.c.C.[.[localhost].[/productTest]   : Initializing Spring embedded WebApplicationContext
2023-03-02T15:46:11.210+05:30  INFO 12852 --- [main] w.s.c.ServletWebServerApplicationContext : Root WebApplicationContext: initialization completed in 1247 ms
2023-03-02T15:46:11.467+05:30  INFO 12852 --- [main] com.zaxxer.hikari.HikariDataSource       : HikariPool-1 - Starting...
2023-03-02T15:46:11.784+05:30  INFO 12852 --- [main] com.zaxxer.hikari.pool.HikariPool        : HikariPool-1 - Added connection com.mysql.cj.jdbc.ConnectionImpl@402b4f81
2023-03-02T15:46:11.785+05:30  INFO 12852 --- [main] com.zaxxer.hikari.HikariDataSource       : HikariPool-1 - Start completed.
2023-03-02T15:46:11.809+05:30  INFO 12852 --- [main] o.hibernate.jpa.internal.util.LogHelper  : HHH000204: Processing PersistenceUnitInfo [name: default]
2023-03-02T15:46:11.836+05:30  INFO 12852 --- [main] org.hibernate.Version                    : HHH000412: Hibernate ORM core version 6.1.7.Final
2023-03-02T15:46:12.083+05:30  INFO 12852 --- [main] SQL dialect                              : HHH000400: Using dialect: org.hibernate.dialect.MySQLDialect
2023-03-02T15:46:12.438+05:30  INFO 12852 --- [main] o.h.e.t.j.p.i.JtaPlatformInitiator       : HHH000490: Using JtaPlatform implementation: [org.hibernate.engine.transaction.jta.platform.internal.NoJtaPlatform]
2023-03-02T15:46:12.444+05:30  INFO 12852 --- [main] j.LocalContainerEntityManagerFactoryBean : Initialized JPA EntityManagerFactory for persistence unit 'default'
2023-03-02T15:46:12.669+05:30  WARN 12852 --- [main] JpaBaseConfiguration$JpaWebConfiguration : spring.jpa.open-in-view is enabled by default. Therefore, database queries may be performed during view rendering. Explicitly configure spring.jpa.open-in-view to disable this warning
2023-03-02T15:46:13.083+05:30  INFO 12852 --- [main] o.s.b.a.e.web.EndpointLinksResolver      : Exposing 14 endpoint(s) beneath base path '/actuator'
2023-03-02T15:46:13.151+05:30  INFO 12852 --- [main] o.s.b.w.embedded.tomcat.TomcatWebServer  : Tomcat started on port(s): 8080 (http) with context path '/productTest'
2023-03-02T15:46:13.161+05:30  INFO 12852 --- [main] com.example.demo.DemoApplication         : Started DemoApplication in 3.488 seconds (process running for 3.735)
2023-03-02T15:46:13.179+05:30  INFO 12852 --- [RMI TCP Connection(2)-127.0.0.1] o.a.c.c.C.[.[localhost].[/productTest]   : Initializing Spring DispatcherServlet 'dispatcherServlet'
2023-03-02T15:46:13.179+05:30  INFO 12852 --- [RMI TCP Connection(2)-127.0.0.1] o.s.web.servlet.DispatcherServlet        : Initializing Servlet 'dispatcherServlet'
2023-03-02T15:46:13.180+05:30  INFO 12852 --- [RMI TCP Connection(2)-127.0.0.1] o.s.web.servlet.DispatcherServlet        : Completed initialization in 1 ms
